[18:03:23] [Client thread/INFO]: Setting user: Player562
[18:03:24] [Client thread/INFO]: LWJGL Version: 2.9.1
[18:03:27] [Client thread/INFO]: Reloading ResourceManager: Default, FMLFileResourcePack:Forge Mod Loader, FMLFileResourcePack:Minecraft Forge, FMLFileResourcePack:Arcane Mod
[18:03:27] [Sound Library Loader/INFO]: Starting up SoundSystem...
[18:03:27] [Thread-7/INFO]: Initializing LWJGL OpenAL
[18:03:27] [Thread-7/INFO]: (The LWJGL binding of OpenAL.  For more information, see http://www.lwjgl.org)
[18:03:27] [Thread-7/INFO]: OpenAL initialized.
[18:03:28] [Sound Library Loader/INFO]: Sound engine started
[18:03:29] [Client thread/INFO]: Created: 512x512 textures-atlas
[18:03:29] [Client thread/INFO]: Reloading ResourceManager: Default, FMLFileResourcePack:Forge Mod Loader, FMLFileResourcePack:Minecraft Forge, FMLFileResourcePack:Arcane Mod
[18:03:29] [Client thread/INFO]: SoundSystem shutting down...
[18:03:29] [Client thread/WARN]: Author: Paul Lamb, www.paulscode.com
[18:03:29] [Sound Library Loader/INFO]: Starting up SoundSystem...
[18:03:29] [Thread-9/INFO]: Initializing LWJGL OpenAL
[18:03:29] [Thread-9/INFO]: (The LWJGL binding of OpenAL.  For more information, see http://www.lwjgl.org)
[18:03:29] [Thread-9/INFO]: OpenAL initialized.
[18:03:30] [Sound Library Loader/INFO]: Sound engine started
[18:03:30] [Client thread/INFO]: Created: 512x512 textures-atlas
[18:03:35] [Client thread/INFO]: Deleting level New World
[18:03:35] [Client thread/INFO]: Attempt 1...
[18:03:37] [Server thread/INFO]: Starting integrated minecraft server version 1.8
[18:03:37] [Server thread/INFO]: Generating keypair
[18:03:38] [Server thread/INFO]: Converting map!
[18:03:38] [Server thread/INFO]: Scanning folders...
[18:03:38] [Server thread/INFO]: Total conversion count is 0
[18:03:38] [Server thread/INFO]: Preparing start region for level 0
[18:03:39] [Server thread/INFO]: Preparing spawn area: 15%
[18:03:40] [Server thread/INFO]: Preparing spawn area: 32%
[18:03:41] [Server thread/INFO]: Preparing spawn area: 53%
[18:03:42] [Server thread/INFO]: Preparing spawn area: 71%
[18:03:43] [Server thread/INFO]: Preparing spawn area: 91%
[18:03:43] [Server thread/INFO]: Changing view distance to 12, from 10
[18:03:44] [Server thread/INFO]: Player562[local:E:d4971d03] logged in with entity id 130 at (-101.5, 70.0, 243.5)
[18:03:44] [Server thread/INFO]: Player562 joined the game
[18:03:50] [Server thread/INFO]: Player562 has just earned the achievement [Taking Inventory]
[18:03:50] [Client thread/INFO]: [CHAT] Player562 has just earned the achievement [Taking Inventory]
[18:04:28] [Server thread/INFO]: Saving and pausing game...
[18:04:28] [Server thread/INFO]: Saving chunks for level 'New World'/Overworld
[18:04:28] [Server thread/INFO]: Saving chunks for level 'New World'/Nether
[18:04:28] [Server thread/INFO]: Saving chunks for level 'New World'/The End
