[14:38:46] [Client thread/INFO]: Setting user: Player637
[14:38:48] [Client thread/INFO]: LWJGL Version: 2.9.1
[14:38:51] [Client thread/INFO]: Reloading ResourceManager: Default, FMLFileResourcePack:Forge Mod Loader, FMLFileResourcePack:Minecraft Forge, FMLFileResourcePack:Spectral Magic
[14:38:51] [Sound Library Loader/INFO]: Starting up SoundSystem...
[14:38:52] [Thread-7/INFO]: Initializing LWJGL OpenAL
[14:38:52] [Thread-7/INFO]: (The LWJGL binding of OpenAL.  For more information, see http://www.lwjgl.org)
[14:38:52] [Thread-7/INFO]: OpenAL initialized.
[14:38:52] [Sound Library Loader/INFO]: Sound engine started
[14:38:53] [Client thread/WARN]: Unable to load definition spm:Spectral_Portal#axis=x
java.lang.RuntimeException: Encountered an exception when loading model definition of model spm:blockstates/Spectral_Portal.json
	at net.minecraft.client.resources.model.ModelBakery.getModelBlockDefinition(ModelBakery.java:177) ~[ModelBakery.class:?]
	at net.minecraft.client.resources.model.ModelBakery.loadVariants(ModelBakery.java:118) [ModelBakery.class:?]
	at net.minecraftforge.client.model.ModelLoader.loadBlocks(ModelLoader.java:96) [ModelLoader.class:?]
	at net.minecraftforge.client.model.ModelLoader.setupModelRegistry(ModelLoader.java:69) [ModelLoader.class:?]
	at net.minecraft.client.resources.model.ModelManager.onResourceManagerReload(ModelManager.java:29) [ModelManager.class:?]
	at net.minecraft.client.resources.SimpleReloadableResourceManager.registerReloadListener(SimpleReloadableResourceManager.java:124) [SimpleReloadableResourceManager.class:?]
	at net.minecraft.client.Minecraft.startGame(Minecraft.java:470) [Minecraft.class:?]
	at net.minecraft.client.Minecraft.run(Minecraft.java:325) [Minecraft.class:?]
	at net.minecraft.client.main.Main.main(Main.java:117) [Main.class:?]
	at sun.reflect.NativeMethodAccessorImpl.invoke0(Native Method) ~[?:1.8.0_40]
	at sun.reflect.NativeMethodAccessorImpl.invoke(NativeMethodAccessorImpl.java:62) ~[?:1.8.0_40]
	at sun.reflect.DelegatingMethodAccessorImpl.invoke(DelegatingMethodAccessorImpl.java:43) ~[?:1.8.0_40]
	at java.lang.reflect.Method.invoke(Method.java:497) ~[?:1.8.0_40]
	at net.minecraft.launchwrapper.Launch.launch(Launch.java:135) [launchwrapper-1.11.jar:?]
	at net.minecraft.launchwrapper.Launch.main(Launch.java:28) [launchwrapper-1.11.jar:?]
	at net.minecraftforge.gradle.GradleStartCommon.launch(Unknown Source) [start/:?]
	at GradleStart.main(Unknown Source) [start/:?]
Caused by: java.io.FileNotFoundException: spm:blockstates/Spectral_Portal.json
	at net.minecraft.client.resources.FallbackResourceManager.getAllResources(FallbackResourceManager.java:99) ~[FallbackResourceManager.class:?]
	at net.minecraft.client.resources.SimpleReloadableResourceManager.getAllResources(SimpleReloadableResourceManager.java:81) ~[SimpleReloadableResourceManager.class:?]
	at net.minecraft.client.resources.model.ModelBakery.getModelBlockDefinition(ModelBakery.java:152) ~[ModelBakery.class:?]
	... 16 more
[14:38:53] [Client thread/WARN]: Unable to load definition spm:Spectral_Portal#axis=z
java.lang.RuntimeException: Encountered an exception when loading model definition of model spm:blockstates/Spectral_Portal.json
	at net.minecraft.client.resources.model.ModelBakery.getModelBlockDefinition(ModelBakery.java:177) ~[ModelBakery.class:?]
	at net.minecraft.client.resources.model.ModelBakery.loadVariants(ModelBakery.java:118) [ModelBakery.class:?]
	at net.minecraftforge.client.model.ModelLoader.loadBlocks(ModelLoader.java:96) [ModelLoader.class:?]
	at net.minecraftforge.client.model.ModelLoader.setupModelRegistry(ModelLoader.java:69) [ModelLoader.class:?]
	at net.minecraft.client.resources.model.ModelManager.onResourceManagerReload(ModelManager.java:29) [ModelManager.class:?]
	at net.minecraft.client.resources.SimpleReloadableResourceManager.registerReloadListener(SimpleReloadableResourceManager.java:124) [SimpleReloadableResourceManager.class:?]
	at net.minecraft.client.Minecraft.startGame(Minecraft.java:470) [Minecraft.class:?]
	at net.minecraft.client.Minecraft.run(Minecraft.java:325) [Minecraft.class:?]
	at net.minecraft.client.main.Main.main(Main.java:117) [Main.class:?]
	at sun.reflect.NativeMethodAccessorImpl.invoke0(Native Method) ~[?:1.8.0_40]
	at sun.reflect.NativeMethodAccessorImpl.invoke(NativeMethodAccessorImpl.java:62) ~[?:1.8.0_40]
	at sun.reflect.DelegatingMethodAccessorImpl.invoke(DelegatingMethodAccessorImpl.java:43) ~[?:1.8.0_40]
	at java.lang.reflect.Method.invoke(Method.java:497) ~[?:1.8.0_40]
	at net.minecraft.launchwrapper.Launch.launch(Launch.java:135) [launchwrapper-1.11.jar:?]
	at net.minecraft.launchwrapper.Launch.main(Launch.java:28) [launchwrapper-1.11.jar:?]
	at net.minecraftforge.gradle.GradleStartCommon.launch(Unknown Source) [start/:?]
	at GradleStart.main(Unknown Source) [start/:?]
Caused by: java.io.FileNotFoundException: spm:blockstates/Spectral_Portal.json
	at net.minecraft.client.resources.FallbackResourceManager.getAllResources(FallbackResourceManager.java:99) ~[FallbackResourceManager.class:?]
	at net.minecraft.client.resources.SimpleReloadableResourceManager.getAllResources(SimpleReloadableResourceManager.java:81) ~[SimpleReloadableResourceManager.class:?]
	at net.minecraft.client.resources.model.ModelBakery.getModelBlockDefinition(ModelBakery.java:152) ~[ModelBakery.class:?]
	... 16 more
[14:38:53] [Client thread/INFO]: Created: 512x512 textures-atlas
[14:38:54] [Client thread/INFO]: Reloading ResourceManager: Default, FMLFileResourcePack:Forge Mod Loader, FMLFileResourcePack:Minecraft Forge, FMLFileResourcePack:Spectral Magic
[14:38:54] [Client thread/INFO]: SoundSystem shutting down...
[14:38:54] [Client thread/WARN]: Author: Paul Lamb, www.paulscode.com
[14:38:54] [Sound Library Loader/INFO]: Starting up SoundSystem...
[14:38:54] [Thread-9/INFO]: Initializing LWJGL OpenAL
[14:38:54] [Thread-9/INFO]: (The LWJGL binding of OpenAL.  For more information, see http://www.lwjgl.org)
[14:38:54] [Thread-9/INFO]: OpenAL initialized.
[14:38:54] [Sound Library Loader/INFO]: Sound engine started
[14:38:55] [Client thread/WARN]: Unable to load definition spm:Spectral_Portal#axis=x
java.lang.RuntimeException: Encountered an exception when loading model definition of model spm:blockstates/Spectral_Portal.json
	at net.minecraft.client.resources.model.ModelBakery.getModelBlockDefinition(ModelBakery.java:177) ~[ModelBakery.class:?]
	at net.minecraft.client.resources.model.ModelBakery.loadVariants(ModelBakery.java:118) [ModelBakery.class:?]
	at net.minecraftforge.client.model.ModelLoader.loadBlocks(ModelLoader.java:96) [ModelLoader.class:?]
	at net.minecraftforge.client.model.ModelLoader.setupModelRegistry(ModelLoader.java:69) [ModelLoader.class:?]
	at net.minecraft.client.resources.model.ModelManager.onResourceManagerReload(ModelManager.java:29) [ModelManager.class:?]
	at net.minecraft.client.resources.SimpleReloadableResourceManager.notifyReloadListeners(SimpleReloadableResourceManager.java:134) [SimpleReloadableResourceManager.class:?]
	at net.minecraft.client.resources.SimpleReloadableResourceManager.reloadResources(SimpleReloadableResourceManager.java:118) [SimpleReloadableResourceManager.class:?]
	at net.minecraft.client.Minecraft.refreshResources(Minecraft.java:727) [Minecraft.class:?]
	at net.minecraftforge.fml.client.FMLClientHandler.finishMinecraftLoading(FMLClientHandler.java:306) [FMLClientHandler.class:?]
	at net.minecraft.client.Minecraft.startGame(Minecraft.java:484) [Minecraft.class:?]
	at net.minecraft.client.Minecraft.run(Minecraft.java:325) [Minecraft.class:?]
	at net.minecraft.client.main.Main.main(Main.java:117) [Main.class:?]
	at sun.reflect.NativeMethodAccessorImpl.invoke0(Native Method) ~[?:1.8.0_40]
	at sun.reflect.NativeMethodAccessorImpl.invoke(NativeMethodAccessorImpl.java:62) ~[?:1.8.0_40]
	at sun.reflect.DelegatingMethodAccessorImpl.invoke(DelegatingMethodAccessorImpl.java:43) ~[?:1.8.0_40]
	at java.lang.reflect.Method.invoke(Method.java:497) ~[?:1.8.0_40]
	at net.minecraft.launchwrapper.Launch.launch(Launch.java:135) [launchwrapper-1.11.jar:?]
	at net.minecraft.launchwrapper.Launch.main(Launch.java:28) [launchwrapper-1.11.jar:?]
	at net.minecraftforge.gradle.GradleStartCommon.launch(Unknown Source) [start/:?]
	at GradleStart.main(Unknown Source) [start/:?]
Caused by: java.io.FileNotFoundException: spm:blockstates/Spectral_Portal.json
	at net.minecraft.client.resources.FallbackResourceManager.getAllResources(FallbackResourceManager.java:99) ~[FallbackResourceManager.class:?]
	at net.minecraft.client.resources.SimpleReloadableResourceManager.getAllResources(SimpleReloadableResourceManager.java:81) ~[SimpleReloadableResourceManager.class:?]
	at net.minecraft.client.resources.model.ModelBakery.getModelBlockDefinition(ModelBakery.java:152) ~[ModelBakery.class:?]
	... 19 more
[14:38:55] [Client thread/WARN]: Unable to load definition spm:Spectral_Portal#axis=z
java.lang.RuntimeException: Encountered an exception when loading model definition of model spm:blockstates/Spectral_Portal.json
	at net.minecraft.client.resources.model.ModelBakery.getModelBlockDefinition(ModelBakery.java:177) ~[ModelBakery.class:?]
	at net.minecraft.client.resources.model.ModelBakery.loadVariants(ModelBakery.java:118) [ModelBakery.class:?]
	at net.minecraftforge.client.model.ModelLoader.loadBlocks(ModelLoader.java:96) [ModelLoader.class:?]
	at net.minecraftforge.client.model.ModelLoader.setupModelRegistry(ModelLoader.java:69) [ModelLoader.class:?]
	at net.minecraft.client.resources.model.ModelManager.onResourceManagerReload(ModelManager.java:29) [ModelManager.class:?]
	at net.minecraft.client.resources.SimpleReloadableResourceManager.notifyReloadListeners(SimpleReloadableResourceManager.java:134) [SimpleReloadableResourceManager.class:?]
	at net.minecraft.client.resources.SimpleReloadableResourceManager.reloadResources(SimpleReloadableResourceManager.java:118) [SimpleReloadableResourceManager.class:?]
	at net.minecraft.client.Minecraft.refreshResources(Minecraft.java:727) [Minecraft.class:?]
	at net.minecraftforge.fml.client.FMLClientHandler.finishMinecraftLoading(FMLClientHandler.java:306) [FMLClientHandler.class:?]
	at net.minecraft.client.Minecraft.startGame(Minecraft.java:484) [Minecraft.class:?]
	at net.minecraft.client.Minecraft.run(Minecraft.java:325) [Minecraft.class:?]
	at net.minecraft.client.main.Main.main(Main.java:117) [Main.class:?]
	at sun.reflect.NativeMethodAccessorImpl.invoke0(Native Method) ~[?:1.8.0_40]
	at sun.reflect.NativeMethodAccessorImpl.invoke(NativeMethodAccessorImpl.java:62) ~[?:1.8.0_40]
	at sun.reflect.DelegatingMethodAccessorImpl.invoke(DelegatingMethodAccessorImpl.java:43) ~[?:1.8.0_40]
	at java.lang.reflect.Method.invoke(Method.java:497) ~[?:1.8.0_40]
	at net.minecraft.launchwrapper.Launch.launch(Launch.java:135) [launchwrapper-1.11.jar:?]
	at net.minecraft.launchwrapper.Launch.main(Launch.java:28) [launchwrapper-1.11.jar:?]
	at net.minecraftforge.gradle.GradleStartCommon.launch(Unknown Source) [start/:?]
	at GradleStart.main(Unknown Source) [start/:?]
Caused by: java.io.FileNotFoundException: spm:blockstates/Spectral_Portal.json
	at net.minecraft.client.resources.FallbackResourceManager.getAllResources(FallbackResourceManager.java:99) ~[FallbackResourceManager.class:?]
	at net.minecraft.client.resources.SimpleReloadableResourceManager.getAllResources(SimpleReloadableResourceManager.java:81) ~[SimpleReloadableResourceManager.class:?]
	at net.minecraft.client.resources.model.ModelBakery.getModelBlockDefinition(ModelBakery.java:152) ~[ModelBakery.class:?]
	... 19 more
[14:38:55] [Client thread/INFO]: Created: 512x512 textures-atlas
[14:47:50] [Server thread/INFO]: Starting integrated minecraft server version 1.8
[14:47:50] [Server thread/INFO]: Generating keypair
[14:47:50] [Server thread/INFO]: Preparing start region for level 0
[14:47:51] [Server thread/ERROR]: Chunk file at 2,13 is in the wrong location; relocating. (Expected 2, 13, got 3, 14)
[14:47:51] [Server thread/INFO]: Preparing spawn area: 92%
[14:47:52] [Server thread/INFO]: Changing view distance to 2, from 10
[14:47:52] [Server thread/INFO]: Player637[local:E:c2af39f0] logged in with entity id 550 at (130.15428210874526, 82.0, 171.07995143647742)
[14:47:52] [Server thread/INFO]: Player637 joined the game
[14:47:57] [Server thread/INFO]: Player637 lost connection: TextComponent{text='Disconnected', siblings=[], style=Style{hasParent=false, color=null, bold=null, italic=null, underlined=null, obfuscated=null, clickEvent=null, hoverEvent=null, insertion=null}}
[14:47:57] [Server thread/INFO]: Player637 left the game
[14:47:57] [Server thread/INFO]: Stopping singleplayer server as player logged out
[14:47:57] [Server thread/INFO]: Stopping server
[14:47:57] [Server thread/INFO]: Saving players
[14:47:57] [Server thread/INFO]: Saving worlds
[14:47:57] [Server thread/INFO]: Saving chunks for level 'New World'/Overworld
[14:47:57] [Server thread/INFO]: Saving chunks for level 'New World'/Nether
[14:47:57] [Server thread/INFO]: Saving chunks for level 'New World'/The End
