[18:07:56] [Client thread/INFO]: Setting user: Player348
[18:07:58] [Client thread/INFO]: LWJGL Version: 2.9.1
[18:08:01] [Client thread/INFO]: Reloading ResourceManager: Default, FMLFileResourcePack:Forge Mod Loader, FMLFileResourcePack:Minecraft Forge, FMLFileResourcePack:Spectral Magic
[18:08:01] [Sound Library Loader/INFO]: Starting up SoundSystem...
[18:08:02] [Thread-7/INFO]: Initializing LWJGL OpenAL
[18:08:02] [Thread-7/INFO]: (The LWJGL binding of OpenAL.  For more information, see http://www.lwjgl.org)
[18:08:02] [Thread-7/INFO]: OpenAL initialized.
[18:08:02] [Sound Library Loader/INFO]: Sound engine started
[18:08:03] [Client thread/INFO]: Created: 512x512 textures-atlas
[18:08:04] [Client thread/INFO]: Reloading ResourceManager: Default, FMLFileResourcePack:Forge Mod Loader, FMLFileResourcePack:Minecraft Forge, FMLFileResourcePack:Spectral Magic
[18:08:04] [Client thread/INFO]: SoundSystem shutting down...
[18:08:04] [Client thread/WARN]: Author: Paul Lamb, www.paulscode.com
[18:08:04] [Sound Library Loader/INFO]: Starting up SoundSystem...
[18:08:04] [Thread-9/INFO]: Initializing LWJGL OpenAL
[18:08:04] [Thread-9/INFO]: (The LWJGL binding of OpenAL.  For more information, see http://www.lwjgl.org)
[18:08:04] [Thread-9/INFO]: OpenAL initialized.
[18:08:05] [Sound Library Loader/INFO]: Sound engine started
[18:08:05] [Client thread/INFO]: Created: 512x512 textures-atlas
[18:08:17] [Server thread/INFO]: Starting integrated minecraft server version 1.8
[18:08:17] [Server thread/INFO]: Generating keypair
[18:08:17] [Server thread/INFO]: Preparing start region for level 0
[18:08:18] [Server thread/INFO]: Changing view distance to 6, from 10
[18:08:18] [Server thread/INFO]: Player348[local:E:6caa273f] logged in with entity id 417 at (142.89317000952397, 80.0, 153.74160517856825)
[18:08:18] [Server thread/INFO]: Player348 joined the game
[18:08:23] [Server thread/INFO]: Saving and pausing game...
[18:08:23] [Server thread/INFO]: Saving chunks for level 'New World'/Overworld
[18:08:23] [Server thread/INFO]: Saving chunks for level 'New World'/Nether
[18:08:23] [Server thread/INFO]: Saving chunks for level 'New World'/The End
[18:08:27] [Client thread/INFO]: [CHAT] Arcane Spell 2 cast
[18:08:31] [Client thread/INFO]: [CHAT] Spell 2 cast
[18:08:44] [Server thread/INFO]: Saving and pausing game...
[18:08:44] [Server thread/INFO]: Saving chunks for level 'New World'/Overworld
[18:08:44] [Server thread/INFO]: Saving chunks for level 'New World'/Nether
[18:08:44] [Server thread/INFO]: Saving chunks for level 'New World'/The End
[18:08:45] [Server thread/INFO]: Stopping server
[18:08:45] [Server thread/INFO]: Saving players
[18:08:45] [Server thread/INFO]: Saving worlds
[18:08:45] [Server thread/INFO]: Saving chunks for level 'New World'/Overworld
[18:08:45] [Server thread/INFO]: Saving chunks for level 'New World'/Nether
[18:08:45] [Server thread/INFO]: Saving chunks for level 'New World'/The End
[18:08:48] [Server thread/INFO]: Starting integrated minecraft server version 1.8
[18:08:48] [Server thread/INFO]: Generating keypair
[18:08:48] [Server thread/INFO]: Preparing start region for level 0
[18:08:48] [Server thread/INFO]: Changing view distance to 6, from 10
[18:08:49] [Server thread/INFO]: Player348[local:E:1618885a] logged in with entity id 1657 at (142.26360876944238, 80.0, 153.73588201785705)
[18:08:49] [Server thread/INFO]: Player348 joined the game
[18:09:01] [Client thread/INFO]: [CHAT] Spell 2 cast
