[16:12:55] [Client thread/INFO]: Setting user: Player252
[16:12:57] [Client thread/INFO]: LWJGL Version: 2.9.1
[16:13:00] [Client thread/INFO]: Reloading ResourceManager: Default, FMLFileResourcePack:Forge Mod Loader, FMLFileResourcePack:Minecraft Forge, FMLFileResourcePack:Spectral Mod
[16:13:00] [Sound Library Loader/INFO]: Starting up SoundSystem...
[16:13:00] [Thread-7/INFO]: Initializing LWJGL OpenAL
[16:13:00] [Thread-7/INFO]: (The LWJGL binding of OpenAL.  For more information, see http://www.lwjgl.org)
[16:13:00] [Thread-7/INFO]: OpenAL initialized.
[16:13:00] [Sound Library Loader/INFO]: Sound engine started
[16:13:01] [Client thread/INFO]: Created: 512x512 textures-atlas
[16:13:02] [Client thread/INFO]: Reloading ResourceManager: Default, FMLFileResourcePack:Forge Mod Loader, FMLFileResourcePack:Minecraft Forge, FMLFileResourcePack:Spectral Mod
[16:13:02] [Client thread/INFO]: SoundSystem shutting down...
[16:13:02] [Client thread/WARN]: Author: Paul Lamb, www.paulscode.com
[16:13:02] [Sound Library Loader/INFO]: Starting up SoundSystem...
[16:13:02] [Thread-9/INFO]: Initializing LWJGL OpenAL
[16:13:02] [Thread-9/INFO]: (The LWJGL binding of OpenAL.  For more information, see http://www.lwjgl.org)
[16:13:02] [Thread-9/INFO]: OpenAL initialized.
[16:13:02] [Sound Library Loader/INFO]: Sound engine started
[16:13:03] [Client thread/INFO]: Created: 512x512 textures-atlas
[16:13:13] [Server thread/INFO]: Starting integrated minecraft server version 1.8
[16:13:13] [Server thread/INFO]: Generating keypair
[16:13:13] [Server thread/INFO]: Preparing start region for level 0
[16:13:14] [Server thread/INFO]: Changing view distance to 6, from 10
[16:13:15] [Server thread/INFO]: Player252[local:E:542c27bc] logged in with entity id 207 at (136.61161327896775, 74.0, 22.61851709350651)
[16:13:15] [Server thread/INFO]: Player252 joined the game
[16:13:22] [Chunk Batcher 0/WARN]: Needed to grow BufferBuilder buffer: Old size 524288 bytes, new size 2621440 bytes.
[16:13:26] [Chunk Batcher 1/WARN]: Needed to grow BufferBuilder buffer: Old size 524288 bytes, new size 2621440 bytes.
[16:13:35] [Server thread/INFO]: Saving and pausing game...
[16:13:35] [Server thread/INFO]: Saving chunks for level 'New World'/Overworld
[16:13:35] [Server thread/INFO]: Saving chunks for level 'New World'/Nether
[16:13:35] [Server thread/INFO]: Saving chunks for level 'New World'/The End
