[16:23:16] [Client thread/INFO]: Setting user: Player263
[16:23:19] [Client thread/INFO]: LWJGL Version: 2.9.1
[16:23:23] [Client thread/INFO]: Reloading ResourceManager: Default, FMLFileResourcePack:Forge Mod Loader, FMLFileResourcePack:Minecraft Forge, FMLFileResourcePack:Spectral Magic
[16:23:23] [Sound Library Loader/INFO]: Starting up SoundSystem...
[16:23:23] [Thread-7/INFO]: Initializing LWJGL OpenAL
[16:23:23] [Thread-7/INFO]: (The LWJGL binding of OpenAL.  For more information, see http://www.lwjgl.org)
[16:23:23] [Thread-7/INFO]: OpenAL initialized.
[16:23:24] [Sound Library Loader/INFO]: Sound engine started
[16:23:27] [Client thread/INFO]: Created: 512x512 textures-atlas
[16:23:28] [Client thread/INFO]: Reloading ResourceManager: Default, FMLFileResourcePack:Forge Mod Loader, FMLFileResourcePack:Minecraft Forge, FMLFileResourcePack:Spectral Magic
[16:23:28] [Client thread/INFO]: SoundSystem shutting down...
[16:23:28] [Client thread/WARN]: Author: Paul Lamb, www.paulscode.com
[16:23:28] [Sound Library Loader/INFO]: Starting up SoundSystem...
[16:23:28] [Thread-9/INFO]: Initializing LWJGL OpenAL
[16:23:28] [Thread-9/INFO]: (The LWJGL binding of OpenAL.  For more information, see http://www.lwjgl.org)
[16:23:28] [Thread-9/INFO]: OpenAL initialized.
[16:23:28] [Sound Library Loader/INFO]: Sound engine started
[16:23:29] [Client thread/INFO]: Created: 512x512 textures-atlas
[16:23:33] [Server thread/INFO]: Starting integrated minecraft server version 1.8
[16:23:33] [Server thread/INFO]: Generating keypair
[16:23:33] [Server thread/INFO]: Preparing start region for level 0
[16:23:33] [Server thread/ERROR]: Chunk file at 2,13 is in the wrong location; relocating. (Expected 2, 13, got 3, 14)
[16:23:34] [Server thread/INFO]: Changing view distance to 2, from 10
[16:23:34] [Server thread/INFO]: Player263[local:E:741760f0] logged in with entity id 173 at (114.40939080227929, 80.0, 144.38153231225175)
[16:23:34] [Server thread/INFO]: Player263 joined the game
[16:23:55] [Server thread/INFO]: Saving and pausing game...
[16:23:55] [Server thread/INFO]: Saving chunks for level 'New World'/Overworld
[16:23:55] [Server thread/INFO]: Saving chunks for level 'New World'/Nether
[16:23:55] [Server thread/INFO]: Saving chunks for level 'New World'/The End
[16:27:04] [Server thread/INFO]: Player263 has just earned the achievement [Taking Inventory]
[16:27:04] [Client thread/INFO]: [CHAT] Player263 has just earned the achievement [Taking Inventory]
[16:27:07] [Server thread/INFO]: Saving and pausing game...
[16:27:07] [Server thread/INFO]: Saving chunks for level 'New World'/Overworld
[16:27:07] [Server thread/INFO]: Saving chunks for level 'New World'/Nether
[16:27:07] [Server thread/INFO]: Saving chunks for level 'New World'/The End
[16:27:16] [Server thread/INFO]: Saving and pausing game...
[16:27:16] [Server thread/INFO]: Saving chunks for level 'New World'/Overworld
[16:27:16] [Server thread/INFO]: Saving chunks for level 'New World'/Nether
[16:27:16] [Server thread/INFO]: Saving chunks for level 'New World'/The End
[18:05:20] [Server thread/INFO]: Player263 has just earned the achievement [Start Spectral Magic!]
[18:05:20] [Server thread/INFO]: Player263 has just earned the achievement [Choose your magic class]
[18:05:20] [Server thread/INFO]: Player263 has just earned the achievement [Level up your magic skill]
[18:05:20] [Client thread/INFO]: [CHAT] Player263 has just earned the achievement [Start Spectral Magic!]
[18:05:20] [Client thread/INFO]: [CHAT] Player263 has just earned the achievement [Choose your magic class]
[18:05:20] [Client thread/INFO]: [CHAT] Player263 has just earned the achievement [Level up your magic skill]
[18:23:01] [Server thread/INFO]: Player263 has just earned the achievement [Cast the first of many spells!]
[18:23:01] [Client thread/INFO]: [CHAT] Player263 has just earned the achievement [Cast the first of many spells!]
[18:23:15] [Server thread/INFO]: [Player263: Toggled downfall]
[18:23:15] [Client thread/INFO]: [CHAT] Toggled downfall
[18:23:36] [Server thread/INFO]: Saving and pausing game...
[18:23:36] [Server thread/INFO]: Saving chunks for level 'New World'/Overworld
[18:23:36] [Server thread/INFO]: Saving chunks for level 'New World'/Nether
[18:23:36] [Server thread/INFO]: Saving chunks for level 'New World'/The End
[18:29:50] [Client thread/INFO]: Stopping!
[18:29:50] [Client thread/INFO]: SoundSystem shutting down...
[18:29:50] [Server thread/INFO]: Stopping server
[18:29:50] [Server thread/INFO]: Saving players
[18:29:50] [Server thread/INFO]: Saving worlds
[18:29:50] [Server thread/INFO]: Saving chunks for level 'New World'/Overworld
[18:29:50] [Server thread/INFO]: Saving chunks for level 'New World'/Nether
[18:29:50] [Server thread/INFO]: Saving chunks for level 'New World'/The End
[18:29:50] [Client thread/WARN]: Author: Paul Lamb, www.paulscode.com
