#
# A fatal error has been detected by the Java Runtime Environment:
#
#  EXCEPTION_ACCESS_VIOLATION (0xc0000005) at pc=0x000000001c861066, pid=4036, tid=7080
#
# JRE version: Java(TM) SE Runtime Environment (8.0_40-b25) (build 1.8.0_40-b25)
# Java VM: Java HotSpot(TM) 64-Bit Server VM (25.40-b25 mixed mode windows-amd64 compressed oops)
# Problematic frame:
# C  [OpenAL64.dll+0x11066]
#
# Failed to write core dump. Minidumps are not enabled by default on client versions of Windows
#
# If you would like to submit a bug report, please visit:
#   http://bugreport.java.com/bugreport/crash.jsp
# The crash happened outside the Java Virtual Machine in native code.
# See problematic frame for where to report the bug.
#

---------------  T H R E A D  ---------------

Current thread (0x000000001b4fc800):  JavaThread "Thread-7" [_thread_in_native, id=7080, stack(0x0000000027be0000,0x0000000027ce0000)]

siginfo: ExceptionCode=0xc0000005, reading address 0x0000000025c0b004

Registers:
RAX=0x0000000000000004, RBX=0x0000000026be0090, RCX=0x0000000025c0b008, RDX=0x0000000025c0b004
RSP=0x0000000027cde9e0, RBP=0x00000000000000ff, RSI=0x0000000025c0a84c, RDI=0x0000000000000000
R8 =0x00000000000001ee, R9 =0x0000000025c0a84c, R10=0x0000000002325e08, R11=0x00000000573d7c30
R12=0x0000000000000001, R13=0x0000000022b260e8, R14=0x0000000027cdeb78, R15=0x000000001b4fc800
RIP=0x000000001c861066, EFLAGS=0x0000000000010202

Top of Stack: (sp=0x0000000027cde9e0)
0x0000000027cde9e0:   0000000000000000 000000005727b4cb
0x0000000027cde9f0:   000000001b4fc800 000000001b4fc800
0x0000000027cdea00:   0000000022b260e8 0000000000000000
0x0000000027cdea10:   000000001b4fc800 0000000025c093c0
0x0000000027cdea20:   0000000022b260e8 0000000027cdeb78
0x0000000027cdea30:   000000001a128750 00000000572697d6
0x0000000027cdea40:   0000000027cdf1e8 00000000196c8ce0
0x0000000027cdea50:   000000001b4fc800 0000000027cdeb78
0x0000000027cdea60:   0000000022b260e8 0000000000000000
0x0000000027cdea70:   0000000025c0a84c 00000000d4cd08d0
0x0000000027cdea80:   0000000027cdeb40 000000001c86248f
0x0000000027cdea90:   0000000026be0090 0000000026be0090
0x0000000027cdeaa0:   000000000000ac44 0000000000000004
0x0000000027cdeab0:   0000000000000010 0000000002325e34
0x0000000027cdeac0:   0000000022b260e8 0000000002325b9d
0x0000000027cdead0:   000000001b4fc800 0000000022b260e8 

Instructions: (pc=0x000000001c861066)
0x000000001c861046:   41 2b ec 81 3a 03 00 02 00 75 09 8b 01 89 84 24
0x000000001c861056:   c8 00 00 00 49 83 c0 02 48 83 c1 08 4a 8d 14 86
0x000000001c861066:   39 3a 75 af 4c 8d 84 24 c0 00 00 00 48 8d 15 d7
0x000000001c861076:   2b 03 00 33 c9 e8 58 5f 00 00 b8 40 1f 00 00 4c 


Register to memory mapping:

RAX=0x0000000000000004 is an unknown value
RBX=0x0000000026be0090 is an unknown value
RCX=0x0000000025c0b008 is an unknown value
RDX=0x0000000025c0b004 is an unknown value
RSP=0x0000000027cde9e0 is pointing into the stack for thread: 0x000000001b4fc800
RBP=0x00000000000000ff is an unknown value
RSI=0x0000000025c0a84c is an unknown value
RDI=0x0000000000000000 is an unknown value
R8 =0x00000000000001ee is an unknown value
R9 =0x0000000025c0a84c is an unknown value
R10=0x0000000002325e08 is at code_begin+840 in an Interpreter codelet
method entry point (kind = native)  [0x0000000002325ac0, 0x0000000002326420]  2400 bytes
R11=0x00000000573d7c30 is an unknown value
R12=0x0000000000000001 is an unknown value
R13={method} {0x0000000022b260f0} 'nalcCreateContext' '(JJ)J' in 'org/lwjgl/openal/ALC10'
R14=0x0000000027cdeb78 is pointing into the stack for thread: 0x000000001b4fc800
R15=0x000000001b4fc800 is a thread


Stack: [0x0000000027be0000,0x0000000027ce0000],  sp=0x0000000027cde9e0,  free space=1018k
Native frames: (J=compiled Java code, j=interpreted, Vv=VM code, C=native code)
C  [OpenAL64.dll+0x11066]
C  [OpenAL64.dll+0x1248f]
C  0x0000000002325e34

Java frames: (J=compiled Java code, j=interpreted, Vv=VM code)
j  org.lwjgl.openal.ALC10.nalcCreateContext(JJ)J+0
j  org.lwjgl.openal.ALC10.alcCreateContext(Lorg/lwjgl/openal/ALCdevice;Ljava/nio/IntBuffer;)Lorg/lwjgl/openal/ALCcontext;+8
j  org.lwjgl.openal.AL.init(Ljava/lang/String;IIZZ)V+69
j  org.lwjgl.openal.AL.create(Ljava/lang/String;IIZZ)V+227
j  org.lwjgl.openal.AL.create(Ljava/lang/String;IIZ)V+5
j  org.lwjgl.openal.AL.create()V+6
j  paulscode.sound.libraries.LibraryLWJGLOpenAL.init()V+2
j  paulscode.sound.SoundSystem.CommandNewLibrary(Ljava/lang/Class;)V+273
j  paulscode.sound.SoundSystem.CommandQueue(Lpaulscode/sound/CommandObject;)Z+1206
j  paulscode.sound.CommandThread.run()V+51
v  ~StubRoutines::call_stub

---------------  P R O C E S S  ---------------

Java Threads: ( => current thread )
  0x000000001c3d5800 JavaThread "Thread-8" [_thread_blocked, id=1772, stack(0x0000000022840000,0x0000000022940000)]
=>0x000000001b4fc800 JavaThread "Thread-7" [_thread_in_native, id=7080, stack(0x0000000027be0000,0x0000000027ce0000)]
  0x000000001a950800 JavaThread "Sound Library Loader" [_thread_blocked, id=5952, stack(0x0000000027920000,0x0000000027a20000)]
  0x000000001c427000 JavaThread "Forge Version Check" [_thread_in_native, id=4988, stack(0x0000000022740000,0x0000000022840000)]
  0x00000000177c7800 JavaThread "Java2D Disposer" daemon [_thread_blocked, id=4392, stack(0x000000001b1c0000,0x000000001b2c0000)]
  0x000000001ac36800 JavaThread "Timer hack thread" daemon [_thread_blocked, id=3600, stack(0x0000000019820000,0x0000000019920000)]
  0x0000000019690000 JavaThread "Snooper Timer" daemon [_thread_blocked, id=7636, stack(0x000000001b380000,0x000000001b480000)]
  0x0000000019e8a000 JavaThread "Snooper Timer" daemon [_thread_blocked, id=2816, stack(0x000000001b0c0000,0x000000001b1c0000)]
  0x0000000016056000 JavaThread "Service Thread" daemon [_thread_blocked, id=7264, stack(0x0000000016990000,0x0000000016a90000)]
  0x0000000015fd0000 JavaThread "C1 CompilerThread2" daemon [_thread_blocked, id=8128, stack(0x0000000016890000,0x0000000016990000)]
  0x0000000015fc9000 JavaThread "C2 CompilerThread1" daemon [_thread_blocked, id=5100, stack(0x0000000016790000,0x0000000016890000)]
  0x0000000015fc8000 JavaThread "C2 CompilerThread0" daemon [_thread_blocked, id=5752, stack(0x0000000016690000,0x0000000016790000)]
  0x0000000015fc4000 JavaThread "Attach Listener" daemon [_thread_blocked, id=2976, stack(0x0000000016590000,0x0000000016690000)]
  0x0000000015fbe800 JavaThread "Signal Dispatcher" daemon [_thread_blocked, id=7648, stack(0x0000000016490000,0x0000000016590000)]
  0x0000000015fbd800 JavaThread "Surrogate Locker Thread (Concurrent GC)" daemon [_thread_blocked, id=5132, stack(0x0000000016390000,0x0000000016490000)]
  0x0000000015482800 JavaThread "Finalizer" daemon [_thread_blocked, id=4940, stack(0x0000000015e90000,0x0000000015f90000)]
  0x000000001547b800 JavaThread "Reference Handler" daemon [_thread_blocked, id=2848, stack(0x0000000015d90000,0x0000000015e90000)]
  0x0000000002215800 JavaThread "Client thread" [_thread_in_native, id=3936, stack(0x0000000002110000,0x0000000002210000)]

Other Threads:
  0x0000000015476000 VMThread [stack: 0x0000000015c90000,0x0000000015d90000] [id=3220]
  0x000000001606a800 WatcherThread [stack: 0x0000000016a90000,0x0000000016b90000] [id=5896]

VM state:not at safepoint (normal execution)

VM Mutex/Monitor currently owned by a thread: None

Heap:
 par new generation   total 306688K, used 128298K [0x00000000c0000000, 0x00000000d4cc0000, 0x00000000d4cc0000)
  eden space 272640K,  34% used [0x00000000c0000000, 0x00000000c5c0a9e0, 0x00000000d0a40000)
  from space 34048K, 100% used [0x00000000d0a40000, 0x00000000d2b80000, 0x00000000d2b80000)
  to   space 34048K,   0% used [0x00000000d2b80000, 0x00000000d2b80000, 0x00000000d4cc0000)
 concurrent mark-sweep generation total 707840K, used 102564K [0x00000000d4cc0000, 0x0000000100000000, 0x0000000100000000)
 Metaspace       used 28576K, capacity 28782K, committed 29044K, reserved 1075200K
  class space    used 3602K, capacity 3664K, committed 3736K, reserved 1048576K

Card table byte_map: [0x0000000011ad0000,0x0000000011ce0000] byte_map_base: 0x00000000114d0000

Marking Bits: (CMSBitMap*) 0x000000000226fbd8
 Bits: [0x0000000012280000, 0x0000000012d4d000)

Mod Union Table: (CMSBitMap*) 0x000000000226fc98
 Bits: [0x0000000000560000, 0x000000000058b340)

Polling page: 0x0000000000530000

CodeCache: size=245760Kb used=12151Kb max_used=12151Kb free=233608Kb
 bounds [0x0000000002310000, 0x0000000002f00000, 0x0000000011310000]
 total_blobs=3901 nmethods=3286 adapters=527
 compilation: enabled

Compilation events (10 events):
Event: 8.407 Thread 0x0000000015fd0000 3974       3       java.util.PropertyPermission::getMask (464 bytes)
Event: 8.408 Thread 0x0000000015fd0000 nmethod 3974 0x0000000002ef1c10 code [0x0000000002ef1f20, 0x0000000002ef3b08]
Event: 8.408 Thread 0x0000000015fd0000 3976       3       java.lang.Throwable::<init> (34 bytes)
Event: 8.408 Thread 0x0000000015fd0000 nmethod 3976 0x0000000002eceb50 code [0x0000000002ececc0, 0x0000000002ecefa8]
Event: 8.408 Thread 0x0000000015fd0000 3975       3       java.util.PropertyPermission::init (54 bytes)
Event: 8.409 Thread 0x0000000015fd0000 nmethod 3975 0x0000000002ece350 code [0x0000000002ece500, 0x0000000002ece9c8]
Event: 8.414 Thread 0x0000000015fc8000 3977       4       sun.nio.cs.ThreadLocalCoders$1::hasName (43 bytes)
Event: 8.415 Thread 0x0000000015fc8000 nmethod 3977 0x0000000002ecdad0 code [0x0000000002ecdc20, 0x0000000002ecddd8]
Event: 8.418 Thread 0x0000000015fd0000 3978  s!   3       java.io.FileDescriptor::closeAll (215 bytes)
Event: 8.419 Thread 0x0000000015fd0000 nmethod 3978 0x0000000002ecfe90 code [0x0000000002ed0100, 0x0000000002ed13b8]

GC Heap History (10 events):
Event: 0.501 GC heap before
{Heap before GC invocations=0 (full 0):
 par new generation   total 306688K, used 49105K [0x00000000c0000000, 0x00000000d4cc0000, 0x00000000d4cc0000)
  eden space 272640K,  18% used [0x00000000c0000000, 0x00000000c2ff4760, 0x00000000d0a40000)
  from space 34048K,   0% used [0x00000000d0a40000, 0x00000000d0a40000, 0x00000000d2b80000)
  to   space 34048K,   0% used [0x00000000d2b80000, 0x00000000d2b80000, 0x00000000d4cc0000)
 concurrent mark-sweep generation total 707840K, used 0K [0x00000000d4cc0000, 0x0000000100000000, 0x0000000100000000)
 Metaspace       used 10086K, capacity 10186K, committed 10240K, reserved 1058816K
  class space    used 1205K, capacity 1235K, committed 1280K, reserved 1048576K
Event: 0.517 GC heap after
Heap after GC invocations=1 (full 1):
 par new generation   total 306688K, used 0K [0x00000000c0000000, 0x00000000d4cc0000, 0x00000000d4cc0000)
  eden space 272640K,   0% used [0x00000000c0000000, 0x00000000c0000000, 0x00000000d0a40000)
  from space 34048K,   0% used [0x00000000d0a40000, 0x00000000d0a40000, 0x00000000d2b80000)
  to   space 34048K,   0% used [0x00000000d2b80000, 0x00000000d2b80000, 0x00000000d4cc0000)
 concurrent mark-sweep generation total 707840K, used 5356K [0x00000000d4cc0000, 0x0000000100000000, 0x0000000100000000)
 Metaspace       used 10086K, capacity 10186K, committed 10240K, reserved 1058816K
  class space    used 1205K, capacity 1235K, committed 1280K, reserved 1048576K
}
Event: 2.543 GC heap before
{Heap before GC invocations=1 (full 2):
 par new generation   total 306688K, used 272640K [0x00000000c0000000, 0x00000000d4cc0000, 0x00000000d4cc0000)
  eden space 272640K, 100% used [0x00000000c0000000, 0x00000000d0a40000, 0x00000000d0a40000)
  from space 34048K,   0% used [0x00000000d0a40000, 0x00000000d0a40000, 0x00000000d2b80000)
  to   space 34048K,   0% used [0x00000000d2b80000, 0x00000000d2b80000, 0x00000000d4cc0000)
 concurrent mark-sweep generation total 707840K, used 5356K [0x00000000d4cc0000, 0x0000000100000000, 0x0000000100000000)
 Metaspace       used 17447K, capacity 17594K, committed 17792K, reserved 1064960K
  class space    used 2106K, capacity 2143K, committed 2176K, reserved 1048576K
Event: 2.556 GC heap after
Heap after GC invocations=2 (full 2):
 par new generation   total 306688K, used 25881K [0x00000000c0000000, 0x00000000d4cc0000, 0x00000000d4cc0000)
  eden space 272640K,   0% used [0x00000000c0000000, 0x00000000c0000000, 0x00000000d0a40000)
  from space 34048K,  76% used [0x00000000d2b80000, 0x00000000d44c65e0, 0x00000000d4cc0000)
  to   space 34048K,   0% used [0x00000000d0a40000, 0x00000000d0a40000, 0x00000000d2b80000)
 concurrent mark-sweep generation total 707840K, used 5356K [0x00000000d4cc0000, 0x0000000100000000, 0x0000000100000000)
 Metaspace       used 17447K, capacity 17594K, committed 17792K, reserved 1064960K
  class space    used 2106K, capacity 2143K, committed 2176K, reserved 1048576K
}
Event: 3.909 GC heap before
{Heap before GC invocations=2 (full 2):
 par new generation   total 306688K, used 298521K [0x00000000c0000000, 0x00000000d4cc0000, 0x00000000d4cc0000)
  eden space 272640K, 100% used [0x00000000c0000000, 0x00000000d0a40000, 0x00000000d0a40000)
  from space 34048K,  76% used [0x00000000d2b80000, 0x00000000d44c65e0, 0x00000000d4cc0000)
  to   space 34048K,   0% used [0x00000000d0a40000, 0x00000000d0a40000, 0x00000000d2b80000)
 concurrent mark-sweep generation total 707840K, used 5356K [0x00000000d4cc0000, 0x0000000100000000, 0x0000000100000000)
 Metaspace       used 19441K, capacity 19546K, committed 19712K, reserved 1067008K
  class space    used 2476K, capacity 2495K, committed 2560K, reserved 1048576K
Event: 3.965 GC heap after
Heap after GC invocations=3 (full 2):
 par new generation   total 306688K, used 30178K [0x00000000c0000000, 0x00000000d4cc0000, 0x00000000d4cc0000)
  eden space 272640K,   0% used [0x00000000c0000000, 0x00000000c0000000, 0x00000000d0a40000)
  from space 34048K,  88% used [0x00000000d0a40000, 0x00000000d27b8808, 0x00000000d2b80000)
  to   space 34048K,   0% used [0x00000000d2b80000, 0x00000000d2b80000, 0x00000000d4cc0000)
 concurrent mark-sweep generation total 707840K, used 26631K [0x00000000d4cc0000, 0x0000000100000000, 0x0000000100000000)
 Metaspace       used 19441K, capacity 19546K, committed 19712K, reserved 1067008K
  class space    used 2476K, capacity 2495K, committed 2560K, reserved 1048576K
}
Event: 6.488 GC heap before
{Heap before GC invocations=3 (full 2):
 par new generation   total 306688K, used 302818K [0x00000000c0000000, 0x00000000d4cc0000, 0x00000000d4cc0000)
  eden space 272640K, 100% used [0x00000000c0000000, 0x00000000d0a40000, 0x00000000d0a40000)
  from space 34048K,  88% used [0x00000000d0a40000, 0x00000000d27b8808, 0x00000000d2b80000)
  to   space 34048K,   0% used [0x00000000d2b80000, 0x00000000d2b80000, 0x00000000d4cc0000)
 concurrent mark-sweep generation total 707840K, used 23750K [0x00000000d4cc0000, 0x0000000100000000, 0x0000000100000000)
 Metaspace       used 24689K, capacity 24932K, committed 25204K, reserved 1071104K
  class space    used 3109K, capacity 3175K, committed 3224K, reserved 1048576K
Event: 6.540 GC heap after
Heap after GC invocations=4 (full 2):
 par new generation   total 306688K, used 34047K [0x00000000c0000000, 0x00000000d4cc0000, 0x00000000d4cc0000)
  eden space 272640K,   0% used [0x00000000c0000000, 0x00000000c0000000, 0x00000000d0a40000)
  from space 34048K,  99% used [0x00000000d2b80000, 0x00000000d4cbfff8, 0x00000000d4cc0000)
  to   space 34048K,   0% used [0x00000000d0a40000, 0x00000000d0a40000, 0x00000000d2b80000)
 concurrent mark-sweep generation total 707840K, used 66782K [0x00000000d4cc0000, 0x0000000100000000, 0x0000000100000000)
 Metaspace       used 24689K, capacity 24932K, committed 25204K, reserved 1071104K
  class space    used 3109K, capacity 3175K, committed 3224K, reserved 1048576K
}
Event: 7.805 GC heap before
{Heap before GC invocations=4 (full 2):
 par new generation   total 306688K, used 306687K [0x00000000c0000000, 0x00000000d4cc0000, 0x00000000d4cc0000)
  eden space 272640K, 100% used [0x00000000c0000000, 0x00000000d0a40000, 0x00000000d0a40000)
  from space 34048K,  99% used [0x00000000d2b80000, 0x00000000d4cbfff8, 0x00000000d4cc0000)
  to   space 34048K,   0% used [0x00000000d0a40000, 0x00000000d0a40000, 0x00000000d2b80000)
 concurrent mark-sweep generation total 707840K, used 66782K [0x00000000d4cc0000, 0x0000000100000000, 0x0000000100000000)
 Metaspace       used 27070K, capacity 27248K, committed 27636K, reserved 1073152K
  class space    used 3416K, capacity 3497K, committed 3608K, reserved 1048576K
Event: 7.841 GC heap after
Heap after GC invocations=5 (full 2):
 par new generation   total 306688K, used 34048K [0x00000000c0000000, 0x00000000d4cc0000, 0x00000000d4cc0000)
  eden space 272640K,   0% used [0x00000000c0000000, 0x00000000c0000000, 0x00000000d0a40000)
  from space 34048K, 100% used [0x00000000d0a40000, 0x00000000d2b80000, 0x00000000d2b80000)
  to   space 34048K,   0% used [0x00000000d2b80000, 0x00000000d2b80000, 0x00000000d4cc0000)
 concurrent mark-sweep generation total 707840K, used 102564K [0x00000000d4cc0000, 0x0000000100000000, 0x0000000100000000)
 Metaspace       used 27070K, capacity 27248K, committed 27636K, reserved 1073152K
  class space    used 3416K, capacity 3497K, committed 3608K, reserved 1048576K
}

Deoptimization events (10 events):
Event: 7.909 Thread 0x0000000002215800 Uncommon trap: reason=unstable_if action=reinterpret pc=0x0000000002609034 method=org.objectweb.asm.MethodWriter.<init>(Lorg/objectweb/asm/ClassWriter;ILjava/lang/String;Ljava/lang/String;Ljava/lang/String;[Ljava/lang/String;ZZ)V @ 180
Event: 7.909 Thread 0x0000000002215800 Uncommon trap: reason=unstable_if action=reinterpret pc=0x0000000002caaf60 method=org.objectweb.asm.MethodWriter.visitVarInsn(II)V @ 15
Event: 7.909 Thread 0x0000000002215800 Uncommon trap: reason=unstable_if action=reinterpret pc=0x0000000002d280c8 method=org.objectweb.asm.MethodWriter.visitFieldInsn(ILjava/lang/String;Ljava/lang/String;Ljava/lang/String;)V @ 28
Event: 7.909 Thread 0x0000000002215800 Uncommon trap: reason=unstable_if action=reinterpret pc=0x0000000002bd1acc method=org.objectweb.asm.MethodWriter.visitMaxs(II)V @ 627
Event: 7.909 Thread 0x0000000002215800 Uncommon trap: reason=unstable_if action=reinterpret pc=0x00000000027ec004 method=org.objectweb.asm.MethodWriter.<init>(Lorg/objectweb/asm/ClassWriter;ILjava/lang/String;Ljava/lang/String;Ljava/lang/String;[Ljava/lang/String;ZZ)V @ 180
Event: 7.909 Thread 0x0000000002215800 Uncommon trap: reason=unstable_if action=reinterpret pc=0x0000000002d5a86c method=org.objectweb.asm.MethodWriter.visitTypeInsn(ILjava/lang/String;)V @ 24
Event: 8.031 Thread 0x000000001c427000 Uncommon trap: reason=unstable_if action=reinterpret pc=0x00000000028a27c8 method=java.lang.ThreadLocal.get()Ljava/lang/Object; @ 11
Event: 8.037 Thread 0x0000000002215800 Uncommon trap: reason=unstable_if action=reinterpret pc=0x00000000029b2744 method=org.objectweb.asm.MethodWriter.visitMethodInsn(ILjava/lang/String;Ljava/lang/String;Ljava/lang/String;Z)V @ 161
Event: 8.154 Thread 0x0000000002215800 Uncommon trap: reason=bimorphic action=maybe_recompile pc=0x0000000002a2ad00 method=java.util.regex.Matcher.match(II)Z @ 86
Event: 8.174 Thread 0x000000001a950800 Uncommon trap: reason=unstable_if action=reinterpret pc=0x0000000002aea058 method=java.lang.ThreadLocal.get()Ljava/lang/Object; @ 11

Internal exceptions (10 events):
Event: 8.408 Thread 0x000000001b4fc800 Exception <a 'org/lwjgl/LWJGLException'> (0x00000000c550e718) thrown at [D:\re\workspace\8-2-build-windows-amd64-cygwin\jdk8u40\2855\hotspot\src\share\vm\prims\jni.cpp, line 709]
Event: 8.408 Thread 0x000000001b4fc800 Exception <a 'org/lwjgl/LWJGLException'> (0x00000000c550eba0) thrown at [D:\re\workspace\8-2-build-windows-amd64-cygwin\jdk8u40\2855\hotspot\src\share\vm\prims\jni.cpp, line 709]
Event: 8.408 Thread 0x000000001b4fc800 Exception <a 'org/lwjgl/LWJGLException'> (0x00000000c550f130) thrown at [D:\re\workspace\8-2-build-windows-amd64-cygwin\jdk8u40\2855\hotspot\src\share\vm\prims\jni.cpp, line 709]
Event: 8.408 Thread 0x000000001b4fc800 Exception <a 'org/lwjgl/LWJGLException'> (0x00000000c550f688) thrown at [D:\re\workspace\8-2-build-windows-amd64-cygwin\jdk8u40\2855\hotspot\src\share\vm\prims\jni.cpp, line 709]
Event: 8.408 Thread 0x000000001b4fc800 Exception <a 'org/lwjgl/LWJGLException'> (0x00000000c550fc00) thrown at [D:\re\workspace\8-2-build-windows-amd64-cygwin\jdk8u40\2855\hotspot\src\share\vm\prims\jni.cpp, line 709]
Event: 8.408 Thread 0x000000001b4fc800 Exception <a 'org/lwjgl/LWJGLException'> (0x00000000c5510140) thrown at [D:\re\workspace\8-2-build-windows-amd64-cygwin\jdk8u40\2855\hotspot\src\share\vm\prims\jni.cpp, line 709]
Event: 8.408 Thread 0x000000001b4fc800 Exception <a 'org/lwjgl/LWJGLException'> (0x00000000c5510698) thrown at [D:\re\workspace\8-2-build-windows-amd64-cygwin\jdk8u40\2855\hotspot\src\share\vm\prims\jni.cpp, line 709]
Event: 8.408 Thread 0x000000001b4fc800 Exception <a 'org/lwjgl/LWJGLException'> (0x00000000c5510be8) thrown at [D:\re\workspace\8-2-build-windows-amd64-cygwin\jdk8u40\2855\hotspot\src\share\vm\prims\jni.cpp, line 709]
Event: 8.408 Thread 0x000000001b4fc800 Exception <a 'org/lwjgl/LWJGLException'> (0x00000000c5511230) thrown at [D:\re\workspace\8-2-build-windows-amd64-cygwin\jdk8u40\2855\hotspot\src\share\vm\prims\jni.cpp, line 709]
Event: 8.408 Thread 0x000000001b4fc800 Exception <a 'org/lwjgl/LWJGLException'> (0x00000000c5511728) thrown at [D:\re\workspace\8-2-build-windows-amd64-cygwin\jdk8u40\2855\hotspot\src\share\vm\prims\jni.cpp, line 709]

Events (10 events):
Event: 8.411 loading class org/lwjgl/openal/ALC10
Event: 8.411 loading class org/lwjgl/openal/ALC10 done
Event: 8.420 loading class org/lwjgl/openal/ALCdevice
Event: 8.420 loading class org/lwjgl/openal/ALCdevice done
Event: 8.420 loading class org/lwjgl/openal/ALCcontext
Event: 8.420 loading class org/lwjgl/openal/ALCcontext done
Event: 8.420 loading class org/lwjgl/openal/Util
Event: 8.420 loading class org/lwjgl/openal/Util done
Event: 8.421 loading class org/lwjgl/openal/OpenALException
Event: 8.421 loading class org/lwjgl/openal/OpenALException done


Dynamic libraries:
0x00007ff711ce0000 - 0x00007ff711d17000 	C:\Program Files\Java\jdk1.8.0_40\bin\javaw.exe
0x00007ffced2b0000 - 0x00007ffced45c000 	C:\windows\SYSTEM32\ntdll.dll
0x00007ffced010000 - 0x00007ffced14e000 	C:\windows\system32\KERNEL32.DLL
0x00007ffcea590000 - 0x00007ffcea6a5000 	C:\windows\system32\KERNELBASE.dll
0x00007ffce8fb0000 - 0x00007ffce903e000 	C:\windows\system32\apphelp.dll
0x00007ffcde0d0000 - 0x00007ffcde123000 	C:\windows\AppPatch\AppPatch64\AcGenral.DLL
0x00007ffceae50000 - 0x00007ffceaefa000 	C:\windows\system32\msvcrt.dll
0x00007ffcea240000 - 0x00007ffcea26e000 	C:\windows\SYSTEM32\SspiCli.dll
0x00007ffceb720000 - 0x00007ffceb774000 	C:\windows\system32\SHLWAPI.dll
0x00007ffceccc0000 - 0x00007ffcece37000 	C:\windows\system32\USER32.dll
0x00007ffceb150000 - 0x00007ffceb2e4000 	C:\windows\system32\ole32.dll
0x00007ffceb7a0000 - 0x00007ffceccb9000 	C:\windows\system32\SHELL32.dll
0x00007ffce9890000 - 0x00007ffce98b1000 	C:\windows\SYSTEM32\USERENV.dll
0x00007ffcecf60000 - 0x00007ffced00a000 	C:\windows\system32\ADVAPI32.dll
0x00007ffce12b0000 - 0x00007ffce12ce000 	C:\windows\SYSTEM32\MPR.dll
0x00007ffceb500000 - 0x00007ffceb641000 	C:\windows\system32\RPCRT4.dll
0x00007ffcecf00000 - 0x00007ffcecf59000 	C:\windows\SYSTEM32\sechost.dll
0x00007ffcea940000 - 0x00007ffceab51000 	C:\windows\SYSTEM32\combase.dll
0x00007ffceb3b0000 - 0x00007ffceb500000 	C:\windows\system32\GDI32.dll
0x00007ffcea410000 - 0x00007ffcea425000 	C:\windows\SYSTEM32\profapi.dll
0x00007ffce8940000 - 0x00007ffce89f2000 	C:\windows\SYSTEM32\SHCORE.dll
0x00007ffceb110000 - 0x00007ffceb146000 	C:\windows\system32\IMM32.DLL
0x00007ffced150000 - 0x00007ffced2a2000 	C:\windows\system32\MSCTF.dll
0x00007ffce8a60000 - 0x00007ffce8a7e000 	c:\PROGRA~1\BULLGU~1\BULLGU~1\BgAgent.dll
0x00007ffce84c0000 - 0x00007ffce873a000 	C:\windows\WinSxS\amd64_microsoft.windows.common-controls_6595b64144ccf1df_6.0.9600.17810_none_6240b9c7ecbd0bda\COMCTL32.dll
0x0000000057a40000 - 0x0000000057b12000 	C:\Program Files\Java\jdk1.8.0_40\jre\bin\msvcr100.dll
0x00000000571b0000 - 0x0000000057a33000 	C:\Program Files\Java\jdk1.8.0_40\jre\bin\server\jvm.dll
0x00007ffce7d70000 - 0x00007ffce7d79000 	C:\windows\SYSTEM32\WSOCK32.dll
0x00007ffce7620000 - 0x00007ffce7642000 	C:\windows\SYSTEM32\WINMM.dll
0x00007ffce7ef0000 - 0x00007ffce7efa000 	C:\windows\SYSTEM32\VERSION.dll
0x00007ffceb780000 - 0x00007ffceb787000 	C:\windows\system32\PSAPI.DLL
0x00007ffcece40000 - 0x00007ffcece9a000 	C:\windows\system32\WS2_32.dll
0x00007ffce7250000 - 0x00007ffce727a000 	C:\windows\SYSTEM32\WINMMBASE.dll
0x00007ffceac20000 - 0x00007ffceac29000 	C:\windows\system32\NSI.dll
0x00007ffcea8f0000 - 0x00007ffcea93f000 	C:\windows\SYSTEM32\cfgmgr32.dll
0x00007ffce9230000 - 0x00007ffce9258000 	C:\windows\SYSTEM32\DEVOBJ.dll
0x00000000571a0000 - 0x00000000571af000 	C:\Program Files\Java\jdk1.8.0_40\jre\bin\verify.dll
0x0000000057170000 - 0x0000000057199000 	C:\Program Files\Java\jdk1.8.0_40\jre\bin\java.dll
0x0000000057150000 - 0x0000000057166000 	C:\Program Files\Java\jdk1.8.0_40\jre\bin\zip.dll
0x0000000057140000 - 0x000000005714d000 	C:\Program Files\Java\jdk1.8.0_40\jre\bin\management.dll
0x0000000057120000 - 0x000000005713a000 	C:\Program Files\Java\jdk1.8.0_40\jre\bin\net.dll
0x00007ffce9b80000 - 0x00007ffce9bd9000 	C:\windows\system32\mswsock.dll
0x0000000057100000 - 0x0000000057111000 	C:\Program Files\Java\jdk1.8.0_40\jre\bin\nio.dll
0x00007ffcdde20000 - 0x00007ffcdde35000 	C:\windows\system32\napinsp.dll
0x00007ffcdde00000 - 0x00007ffcdde1a000 	C:\windows\system32\pnrpnsp.dll
0x00007ffce4b20000 - 0x00007ffce4b3b000 	C:\windows\system32\NLAapi.dll
0x00007ffce99f0000 - 0x00007ffce9a94000 	C:\windows\SYSTEM32\DNSAPI.dll
0x00007ffcddcd0000 - 0x00007ffcddcdd000 	C:\windows\System32\winrnr.dll
0x00007ffce1410000 - 0x00007ffce141a000 	C:\Windows\System32\rasadhlp.dll
0x00007ffce39b0000 - 0x00007ffce39da000 	C:\windows\SYSTEM32\IPHLPAPI.DLL
0x00007ffce39a0000 - 0x00007ffce39aa000 	C:\windows\SYSTEM32\WINNSI.DLL
0x00007ffce2ef0000 - 0x00007ffce2f5b000 	C:\windows\System32\fwpuclnt.dll
0x0000000180000000 - 0x0000000180051000 	C:\Users\Lewis\.gradle\caches\minecraft\net\minecraft\minecraft_natives\1.8\lwjgl64.dll
0x00007ffcdcb20000 - 0x00007ffcdcc4b000 	C:\windows\SYSTEM32\OPENGL32.dll
0x00007ffcde890000 - 0x00007ffcde8be000 	C:\windows\SYSTEM32\GLU32.dll
0x00007ffcdd240000 - 0x00007ffcdd338000 	C:\windows\SYSTEM32\DDRAW.dll
0x00007ffce7940000 - 0x00007ffce7949000 	C:\windows\SYSTEM32\DCIMAN32.dll
0x00007ffce9d90000 - 0x00007ffce9db0000 	C:\windows\SYSTEM32\CRYPTSP.dll
0x00007ffce9900000 - 0x00007ffce9936000 	C:\windows\system32\rsaenh.dll
0x00007ffce9f30000 - 0x00007ffce9f56000 	C:\windows\SYSTEM32\bcrypt.dll
0x00007ffcea270000 - 0x00007ffcea2d3000 	C:\windows\system32\bcryptprimitives.dll
0x00007ffcea2e0000 - 0x00007ffcea2eb000 	C:\windows\SYSTEM32\CRYPTBASE.dll
0x00007ffce2df0000 - 0x00007ffce2e06000 	C:\windows\SYSTEM32\dhcpcsvc6.DLL
0x00007ffce2fd0000 - 0x00007ffce2fea000 	C:\windows\SYSTEM32\dhcpcsvc.DLL
0x0000000056f60000 - 0x00000000570f8000 	C:\Program Files\Java\jdk1.8.0_40\jre\bin\awt.dll
0x00007ffceb650000 - 0x00007ffceb711000 	C:\windows\system32\OLEAUT32.dll
0x00007ffce90d0000 - 0x00007ffce91f9000 	C:\windows\system32\uxtheme.dll
0x00007ffcce930000 - 0x00007ffcce95c000 	C:\Program Files\BullGuard Ltd\BullGuard\spamfilter\LittleHook.dll
0x00007ffce8740000 - 0x00007ffce8761000 	C:\windows\system32\dwmapi.dll
0x0000000055210000 - 0x0000000056f51000 	C:\windows\SYSTEM32\nvoglv64.DLL
0x00007ffceaf30000 - 0x00007ffceb10a000 	C:\windows\system32\SETUPAPI.dll
0x00007ffce8f90000 - 0x00007ffce8fa2000 	C:\windows\SYSTEM32\WTSAPI32.dll
0x00007ffcea890000 - 0x00007ffcea8e1000 	C:\windows\system32\WINTRUST.dll
0x00007ffcea6b0000 - 0x00007ffcea88f000 	C:\windows\system32\CRYPT32.dll
0x00007ffcea4c0000 - 0x00007ffcea4d1000 	C:\windows\system32\MSASN1.dll
0x00007ffce4d30000 - 0x00007ffce4d62000 	C:\windows\SYSTEM32\ntmarta.dll
0x00007ffcea3b0000 - 0x00007ffcea3f6000 	C:\windows\SYSTEM32\powrprof.dll
0x00007ffce9e60000 - 0x00007ffce9eba000 	C:\windows\SYSTEM32\WINSTA.dll
0x00007ffce9200000 - 0x00007ffce920b000 	C:\windows\SYSTEM32\kernel.appcore.dll
0x00007ffce7840000 - 0x00007ffce78d2000 	C:\windows\SYSTEM32\mscms.dll
0x00007ffcde080000 - 0x00007ffcde0c1000 	C:\windows\SYSTEM32\icm32.dll
0x0000000070a40000 - 0x0000000070adc000 	C:\Users\Lewis\.gradle\caches\minecraft\net\minecraft\minecraft_natives\1.8\avutil-ttv-51.dll
0x0000000065980000 - 0x00000000659d6000 	C:\Users\Lewis\.gradle\caches\minecraft\net\minecraft\minecraft_natives\1.8\swresample-ttv-0.dll
0x000000006eb80000 - 0x000000006ec50000 	C:\Users\Lewis\.gradle\caches\minecraft\net\minecraft\minecraft_natives\1.8\libmp3lame-ttv.dll
0x00007ffcc7830000 - 0x00007ffcc8bd4000 	C:\Users\Lewis\.gradle\caches\minecraft\net\minecraft\minecraft_natives\1.8\libmfxsw64.dll
0x00007ffcdc100000 - 0x00007ffcdc26d000 	C:\Users\Lewis\.gradle\caches\minecraft\net\minecraft\minecraft_natives\1.8\twitchsdk.dll
0x00007ffce1ae0000 - 0x00007ffce1d3a000 	C:\windows\SYSTEM32\WININET.dll
0x00007ffce1d40000 - 0x00007ffce2007000 	C:\windows\SYSTEM32\iertutil.dll
0x000000001c850000 - 0x000000001c8b4000 	C:\Users\Lewis\.gradle\caches\minecraft\net\minecraft\minecraft_natives\1.8\OpenAL64.dll
0x00007ffceab60000 - 0x00007ffceac16000 	C:\windows\SYSTEM32\clbcatq.dll
0x00007ffce7f00000 - 0x00007ffce7f70000 	C:\windows\System32\MMDevApi.dll
0x00007ffcd0d90000 - 0x00007ffcd0e2d000 	C:\windows\SYSTEM32\dsound.dll
0x00007ffcdd930000 - 0x00007ffcdd9ae000 	C:\windows\SYSTEM32\AUDIOSES.DLL
0x00007ffce4990000 - 0x00007ffce4b19000 	C:\windows\SYSTEM32\dbghelp.dll

VM Arguments:
jvm_args: -Xincgc -Xmx1024M -Xms1024M -Dfile.encoding=Cp1252 
java_command: GradleStart
java_class_path (initial): C:\Users\Lewis\Desktop\Minecraft Mod\bin;C:\Users\Lewis\.gradle\caches\minecraft\net\minecraftforge\forge\1.8-11.14.0.1295-1.8\snapshot_nodoc\20141130\forgeSrc-1.8-11.14.0.1295-1.8.jar;C:\Users\Lewis\.gradle\caches\modules-2\files-2.1\net.minecraft\launchwrapper\1.11\9c0592c6e1e9ea296a70948081bd4cc84dda1289\launchwrapper-1.11.jar;C:\Users\Lewis\.gradle\caches\modules-2\files-2.1\org.ow2.asm\asm-debug-all\5.0.3\f9e364ae2a66ce2a543012a4668856e84e5dab74\asm-debug-all-5.0.3.jar;C:\Users\Lewis\.gradle\caches\modules-2\files-2.1\com.typesafe.akka\akka-actor_2.11\2.3.3\ed62e9fc709ca0f2ff1a3220daa8b70a2870078e\akka-actor_2.11-2.3.3.jar;C:\Users\Lewis\.gradle\caches\modules-2\files-2.1\com.typesafe\config\1.2.1\f771f71fdae3df231bcd54d5ca2d57f0bf93f467\config-1.2.1.jar;C:\Users\Lewis\.gradle\caches\modules-2\files-2.1\org.scala-lang\scala-actors-migration_2.11\1.1.0\dfa8bc42b181d5b9f1a5dd147f8ae308b893eb6f\scala-actors-migration_2.11-1.1.0.jar;C:\Users\Lewis\.gradle\caches\modules-2\files-2.1\org.scala-lang\scala-compiler\2.11.1\56ea2e6c025e0821f28d73ca271218b8dd04926a\scala-compiler-2.11.1.jar;C:\Users\Lewis\.gradle\caches\modules-2\files-2.1\org.scala-lang.plugins\scala-continuations-library_2.11\1.0.2\e517c53a7e9acd6b1668c5a35eccbaa3bab9aac\scala-continuations-library_2.11-1.0.2.jar;C:\Users\Lewis\.gradle\caches\modules-2\files-2.1\org.scala-lang.plugins\scala-continuations-plugin_2.11.1\1.0.2\f361a3283452c57fa30c1ee69448995de23c60f7\scala-continuations-plugin_2.11.1-1.0.2.jar;C:\Users\Lewis\.gradle\caches\modules-2\files-2.1\org.scala-lang\scala-library\2.11.1\e11da23da3eabab9f4777b9220e60d44c1aab6a\scala-library-2.11.1.jar;C:\Users\Lewis\.gradle\caches\modules-2\files-2.1\org.scala-lang\scala-parser-combinators_2.11\1.0.1\f05d7345bf5a58924f2837c6c1f4d73a938e1ff0\scala-parser-combinators_2.11-1.0.1.jar;C:\Users\Lewis\.gradle\caches\modules-2\files-2.1\org.scala-lang\scala-reflect\2.11.1\6580347e61cc7f8e802941e7fde40fa83b8badeb\scala-reflect-2.
Launcher Type: SUN_STANDARD

Environment Variables:
PATH=C:/Program Files/Java/jre1.8.0_45/bin/server;C:/Program Files/Java/jre1.8.0_45/bin;C:/Program Files/Java/jre1.8.0_45/lib/amd64;C:\ProgramData\Oracle\Java\javapath;"C:\Program Files\Java\jdk1.8.0_40\bin";C:\Program Files (x86)\Skype\Phone\;C:\Program Files (x86)\NVIDIA Corporation\PhysX\Common;C:\Users\Lewis\Desktop\eclipse;
USERNAME=Lewis
OS=Windows_NT
PROCESSOR_IDENTIFIER=Intel64 Family 6 Model 60 Stepping 3, GenuineIntel



---------------  S Y S T E M  ---------------

OS: Windows 8.1 , 64 bit Build 9600 (6.3.9600.17415)

CPU:total 4 (4 cores per cpu, 1 threads per core) family 6 model 60 stepping 3, cmov, cx8, fxsr, mmx, sse, sse2, sse3, ssse3, sse4.1, sse4.2, popcnt, avx, avx2, aes, clmul, erms, rtm, lzcnt, tsc, tscinvbit, bmi1, bmi2

Memory: 4k page, physical 16718916k(12476800k free), swap 19209284k(13566016k free)

vm_info: Java HotSpot(TM) 64-Bit Server VM (25.40-b25) for windows-amd64 JRE (1.8.0_40-b25), built on Feb 10 2015 21:53:57 by "java_re" with MS VC++ 10.0 (VS2010)

time: Sat Jul 18 18:53:08 2015
elapsed time: 8 seconds (0d 0h 0m 8s)

