#
# A fatal error has been detected by the Java Runtime Environment:
#
#  EXCEPTION_ACCESS_VIOLATION (0xc0000005) at pc=0x00000000246f1066, pid=672, tid=4768
#
# JRE version: Java(TM) SE Runtime Environment (8.0_40-b25) (build 1.8.0_40-b25)
# Java VM: Java HotSpot(TM) 64-Bit Server VM (25.40-b25 mixed mode windows-amd64 compressed oops)
# Problematic frame:
# C  [OpenAL64.dll+0x11066]
#
# Failed to write core dump. Minidumps are not enabled by default on client versions of Windows
#
# If you would like to submit a bug report, please visit:
#   http://bugreport.java.com/bugreport/crash.jsp
# The crash happened outside the Java Virtual Machine in native code.
# See problematic frame for where to report the bug.
#

---------------  T H R E A D  ---------------

Current thread (0x0000000019259000):  JavaThread "Thread-9" [_thread_in_native, id=4768, stack(0x00000000279d0000,0x0000000027ad0000)]

siginfo: ExceptionCode=0xc0000005, reading address 0x000000001b6b4004

Registers:
RAX=0x0000000000000004, RBX=0x0000000027c60090, RCX=0x000000001b6b4008, RDX=0x000000001b6b4004
RSP=0x0000000027ace9e0, RBP=0x00000000000000ff, RSI=0x000000001b6a6a2c, RDI=0x0000000000000000
R8 =0x0000000000003576, R9 =0x000000001b6a6a2c, R10=0x0000000002c75e08, R11=0x0000000075157c30
R12=0x0000000000000001, R13=0x0000000029e0dc08, R14=0x0000000027aceb78, R15=0x0000000019259000
RIP=0x00000000246f1066, EFLAGS=0x0000000000010202

Top of Stack: (sp=0x0000000027ace9e0)
0x0000000027ace9e0:   0000000027acea20 0000000015fff910
0x0000000027ace9f0:   0000000000000000 0000000015ffbff0
0x0000000027acea00:   0000000029e0dc08 0000000075058d35
0x0000000027acea10:   0000000019259000 000000001b6a6560
0x0000000027acea20:   0000000029e0dc08 0000000027aceb78
0x0000000027acea30:   000000001c5d5af0 0000000074fe97d6
0x0000000027acea40:   0000000027acf1e8 000000001a396ad0
0x0000000027acea50:   0000000019259000 0000000027aceb78
0x0000000027acea60:   0000000029e0dc08 0000000000000000
0x0000000027acea70:   000000001b6a6a2c 000000001b6a6a2c
0x0000000027acea80:   0000000027aceb40 00000000246f248f
0x0000000027acea90:   0000000027c60090 0000000027c60090
0x0000000027aceaa0:   000000000000ac44 0000000000000004
0x0000000027aceab0:   00000000d4cd0998 0000000002c75e34
0x0000000027aceac0:   0000000029e0dc08 00000000cedfb530
0x0000000027acead0:   0000000027acead0 0000000029e20a59 

Instructions: (pc=0x00000000246f1066)
0x00000000246f1046:   41 2b ec 81 3a 03 00 02 00 75 09 8b 01 89 84 24
0x00000000246f1056:   c8 00 00 00 49 83 c0 02 48 83 c1 08 4a 8d 14 86
0x00000000246f1066:   39 3a 75 af 4c 8d 84 24 c0 00 00 00 48 8d 15 d7
0x00000000246f1076:   2b 03 00 33 c9 e8 58 5f 00 00 b8 40 1f 00 00 4c 


Register to memory mapping:

RAX=0x0000000000000004 is an unknown value
RBX=0x0000000027c60090 is an unknown value
RCX=0x000000001b6b4008 is an unknown value
RDX=0x000000001b6b4004 is an unknown value
RSP=0x0000000027ace9e0 is pointing into the stack for thread: 0x0000000019259000
RBP=0x00000000000000ff is an unknown value
RSI=0x000000001b6a6a2c is an unknown value
RDI=0x0000000000000000 is an unknown value
R8 =0x0000000000003576 is an unknown value
R9 =0x000000001b6a6a2c is an unknown value
R10=0x0000000002c75e08 is at code_begin+840 in an Interpreter codelet
method entry point (kind = native)  [0x0000000002c75ac0, 0x0000000002c76420]  2400 bytes
R11=0x0000000075157c30 is an unknown value
R12=0x0000000000000001 is an unknown value
R13={method} {0x0000000029e0dc10} 'nalcCreateContext' '(JJ)J' in 'org/lwjgl/openal/ALC10'
R14=0x0000000027aceb78 is pointing into the stack for thread: 0x0000000019259000
R15=0x0000000019259000 is a thread


Stack: [0x00000000279d0000,0x0000000027ad0000],  sp=0x0000000027ace9e0,  free space=1018k
Native frames: (J=compiled Java code, j=interpreted, Vv=VM code, C=native code)
C  [OpenAL64.dll+0x11066]
C  [OpenAL64.dll+0x1248f]
C  0x0000000002c75e34

Java frames: (J=compiled Java code, j=interpreted, Vv=VM code)
j  org.lwjgl.openal.ALC10.nalcCreateContext(JJ)J+0
j  org.lwjgl.openal.ALC10.alcCreateContext(Lorg/lwjgl/openal/ALCdevice;Ljava/nio/IntBuffer;)Lorg/lwjgl/openal/ALCcontext;+8
j  org.lwjgl.openal.AL.init(Ljava/lang/String;IIZZ)V+69
j  org.lwjgl.openal.AL.create(Ljava/lang/String;IIZZ)V+227
j  org.lwjgl.openal.AL.create(Ljava/lang/String;IIZ)V+5
j  org.lwjgl.openal.AL.create()V+6
j  paulscode.sound.libraries.LibraryLWJGLOpenAL.init()V+2
j  paulscode.sound.SoundSystem.CommandNewLibrary(Ljava/lang/Class;)V+273
j  paulscode.sound.SoundSystem.CommandQueue(Lpaulscode/sound/CommandObject;)Z+1206
j  paulscode.sound.CommandThread.run()V+51
v  ~StubRoutines::call_stub

---------------  P R O C E S S  ---------------

Java Threads: ( => current thread )
  0x0000000019259800 JavaThread "Thread-10" [_thread_blocked, id=3340, stack(0x000000002a770000,0x000000002a870000)]
=>0x0000000019259000 JavaThread "Thread-9" [_thread_in_native, id=4768, stack(0x00000000279d0000,0x0000000027ad0000)]
  0x0000000019258000 JavaThread "Sound Library Loader" [_thread_blocked, id=932, stack(0x00000000245e0000,0x00000000246e0000)]
  0x0000000019255000 JavaThread "Chunk Batcher 1" daemon [_thread_blocked, id=3280, stack(0x000000002ab70000,0x000000002ac70000)]
  0x0000000019257800 JavaThread "Chunk Batcher 0" daemon [_thread_blocked, id=9240, stack(0x000000002aa70000,0x000000002ab70000)]
  0x000000001925b000 JavaThread "Keep-Alive-Timer" daemon [_thread_blocked, id=4348, stack(0x00000000278d0000,0x00000000279d0000)]
  0x0000000019254800 JavaThread "Java2D Disposer" daemon [_thread_blocked, id=8864, stack(0x000000001a470000,0x000000001a570000)]
  0x000000001c2e2000 JavaThread "Timer hack thread" daemon [_thread_blocked, id=5888, stack(0x000000001a170000,0x000000001a270000)]
  0x000000001b3a1800 JavaThread "Snooper Timer" daemon [_thread_blocked, id=8656, stack(0x000000001a5d0000,0x000000001a6d0000)]
  0x000000001a16e800 JavaThread "Snooper Timer" daemon [_thread_blocked, id=8400, stack(0x000000001a910000,0x000000001aa10000)]
  0x00000000169b2000 JavaThread "Service Thread" daemon [_thread_blocked, id=6372, stack(0x00000000172f0000,0x00000000173f0000)]
  0x000000001692a000 JavaThread "C1 CompilerThread2" daemon [_thread_blocked, id=4108, stack(0x00000000171f0000,0x00000000172f0000)]
  0x0000000016925000 JavaThread "C2 CompilerThread1" daemon [_thread_in_native, id=10108, stack(0x00000000170f0000,0x00000000171f0000)]
  0x0000000016922000 JavaThread "C2 CompilerThread0" daemon [_thread_in_native, id=4484, stack(0x0000000016ff0000,0x00000000170f0000)]
  0x000000001691e800 JavaThread "Attach Listener" daemon [_thread_blocked, id=7812, stack(0x0000000016ef0000,0x0000000016ff0000)]
  0x000000001691d800 JavaThread "Signal Dispatcher" daemon [_thread_blocked, id=732, stack(0x0000000016df0000,0x0000000016ef0000)]
  0x000000001691c800 JavaThread "Surrogate Locker Thread (Concurrent GC)" daemon [_thread_blocked, id=2256, stack(0x0000000016cf0000,0x0000000016df0000)]
  0x0000000015de1000 JavaThread "Finalizer" daemon [_thread_blocked, id=10100, stack(0x00000000167f0000,0x00000000168f0000)]
  0x0000000015dda800 JavaThread "Reference Handler" daemon [_thread_blocked, id=2556, stack(0x00000000166f0000,0x00000000167f0000)]
  0x0000000002b65800 JavaThread "Client thread" [_thread_in_native, id=6452, stack(0x0000000002a60000,0x0000000002b60000)]

Other Threads:
  0x0000000015dd3800 VMThread [stack: 0x00000000165f0000,0x00000000166f0000] [id=1800]
  0x00000000169be800 WatcherThread [stack: 0x00000000173f0000,0x00000000174f0000] [id=4952]

VM state:not at safepoint (normal execution)

VM Mutex/Monitor currently owned by a thread: None

Heap:
 par new generation   total 306688K, used 277468K [0x00000000c0000000, 0x00000000d4cc0000, 0x00000000d4cc0000)
  eden space 272640K,  91% used [0x00000000c0000000, 0x00000000cf4d41b8, 0x00000000d0a40000)
  from space 34048K,  78% used [0x00000000d0a40000, 0x00000000d2463120, 0x00000000d2b80000)
  to   space 34048K,   0% used [0x00000000d2b80000, 0x00000000d2b80000, 0x00000000d4cc0000)
 concurrent mark-sweep generation total 707840K, used 96632K [0x00000000d4cc0000, 0x0000000100000000, 0x0000000100000000)
 Metaspace       used 31883K, capacity 32141K, committed 32512K, reserved 1077248K
  class space    used 3981K, capacity 4079K, committed 4096K, reserved 1048576K

Card table byte_map: [0x0000000012420000,0x0000000012630000] byte_map_base: 0x0000000011e20000

Marking Bits: (CMSBitMap*) 0x0000000002bbfc78
 Bits: [0x0000000012bd0000, 0x000000001369d000)

Mod Union Table: (CMSBitMap*) 0x0000000002bbfd38
 Bits: [0x0000000002960000, 0x000000000298b340)

Polling page: 0x0000000002820000

CodeCache: size=245760Kb used=13721Kb max_used=13721Kb free=232038Kb
 bounds [0x0000000002c60000, 0x00000000039e0000, 0x0000000011c60000]
 total_blobs=4717 nmethods=4034 adapters=594
 compilation: enabled

Compilation events (10 events):
Event: 8.984 Thread 0x0000000016922000 5125       4       net.minecraft.client.resources.AbstractResourcePack::resourceExists (9 bytes)
Event: 8.987 Thread 0x0000000016925000 5126       4       java.util.Formatter$FormatSpecifier::print (66 bytes)
Event: 8.988 Thread 0x0000000016925000 nmethod 5126 0x0000000003986050 code [0x00000000039861c0, 0x0000000003986358]
Event: 9.003 Thread 0x0000000016925000 5127       4       java.util.Formatter::getZero (27 bytes)
Event: 9.123 Thread 0x000000001692a000 5138   !   3       java.lang.StringCoding::encode (120 bytes)
Event: 9.124 Thread 0x000000001692a000 nmethod 5138 0x0000000003981250 code [0x00000000039815a0, 0x0000000003983038]
Event: 9.124 Thread 0x000000001692a000 5139   !   3       java.lang.StringCoding$StringEncoder::encode (179 bytes)
Event: 9.125 Thread 0x000000001692a000 nmethod 5139 0x00000000039d5b50 code [0x00000000039d5ec0, 0x00000000039d7b88]
Event: 9.125 Thread 0x000000001692a000 5140       3       java.lang.String::getBytes (14 bytes)
Event: 9.125 Thread 0x000000001692a000 nmethod 5140 0x0000000003980e90 code [0x0000000003981000, 0x00000000039811a8]

GC Heap History (10 events):
Event: 3.111 GC heap before
{Heap before GC invocations=2 (full 2):
 par new generation   total 306688K, used 299641K [0x00000000c0000000, 0x00000000d4cc0000, 0x00000000d4cc0000)
  eden space 272640K, 100% used [0x00000000c0000000, 0x00000000d0a40000, 0x00000000d0a40000)
  from space 34048K,  79% used [0x00000000d2b80000, 0x00000000d45de550, 0x00000000d4cc0000)
  to   space 34048K,   0% used [0x00000000d0a40000, 0x00000000d0a40000, 0x00000000d2b80000)
 concurrent mark-sweep generation total 707840K, used 5356K [0x00000000d4cc0000, 0x0000000100000000, 0x0000000100000000)
 Metaspace       used 18431K, capacity 18522K, committed 18688K, reserved 1064960K
  class space    used 2291K, capacity 2303K, committed 2304K, reserved 1048576K
Event: 3.155 GC heap after
Heap after GC invocations=3 (full 2):
 par new generation   total 306688K, used 25572K [0x00000000c0000000, 0x00000000d4cc0000, 0x00000000d4cc0000)
  eden space 272640K,   0% used [0x00000000c0000000, 0x00000000c0000000, 0x00000000d0a40000)
  from space 34048K,  75% used [0x00000000d0a40000, 0x00000000d2339208, 0x00000000d2b80000)
  to   space 34048K,   0% used [0x00000000d2b80000, 0x00000000d2b80000, 0x00000000d4cc0000)
 concurrent mark-sweep generation total 707840K, used 27142K [0x00000000d4cc0000, 0x0000000100000000, 0x0000000100000000)
 Metaspace       used 18431K, capacity 18522K, committed 18688K, reserved 1064960K
  class space    used 2291K, capacity 2303K, committed 2304K, reserved 1048576K
}
Event: 4.671 GC heap before
{Heap before GC invocations=3 (full 2):
 par new generation   total 306688K, used 298212K [0x00000000c0000000, 0x00000000d4cc0000, 0x00000000d4cc0000)
  eden space 272640K, 100% used [0x00000000c0000000, 0x00000000d0a40000, 0x00000000d0a40000)
  from space 34048K,  75% used [0x00000000d0a40000, 0x00000000d2339208, 0x00000000d2b80000)
  to   space 34048K,   0% used [0x00000000d2b80000, 0x00000000d2b80000, 0x00000000d4cc0000)
 concurrent mark-sweep generation total 707840K, used 24261K [0x00000000d4cc0000, 0x0000000100000000, 0x0000000100000000)
 Metaspace       used 24663K, capacity 24931K, committed 25216K, reserved 1071104K
  class space    used 3110K, capacity 3174K, committed 3200K, reserved 1048576K
Event: 4.707 GC heap after
Heap after GC invocations=4 (full 2):
 par new generation   total 306688K, used 34048K [0x00000000c0000000, 0x00000000d4cc0000, 0x00000000d4cc0000)
  eden space 272640K,   0% used [0x00000000c0000000, 0x00000000c0000000, 0x00000000d0a40000)
  from space 34048K, 100% used [0x00000000d2b80000, 0x00000000d4cc0000, 0x00000000d4cc0000)
  to   space 34048K,   0% used [0x00000000d0a40000, 0x00000000d0a40000, 0x00000000d2b80000)
 concurrent mark-sweep generation total 707840K, used 52791K [0x00000000d4cc0000, 0x0000000100000000, 0x0000000100000000)
 Metaspace       used 24663K, capacity 24931K, committed 25216K, reserved 1071104K
  class space    used 3110K, capacity 3174K, committed 3200K, reserved 1048576K
}
Event: 5.843 GC heap before
{Heap before GC invocations=4 (full 2):
 par new generation   total 306688K, used 306688K [0x00000000c0000000, 0x00000000d4cc0000, 0x00000000d4cc0000)
  eden space 272640K, 100% used [0x00000000c0000000, 0x00000000d0a40000, 0x00000000d0a40000)
  from space 34048K, 100% used [0x00000000d2b80000, 0x00000000d4cc0000, 0x00000000d4cc0000)
  to   space 34048K,   0% used [0x00000000d0a40000, 0x00000000d0a40000, 0x00000000d2b80000)
 concurrent mark-sweep generation total 707840K, used 52791K [0x00000000d4cc0000, 0x0000000100000000, 0x0000000100000000)
 Metaspace       used 25520K, capacity 25673K, committed 25856K, reserved 1071104K
  class space    used 3211K, capacity 3271K, committed 3328K, reserved 1048576K
Event: 5.886 GC heap after
Heap after GC invocations=5 (full 2):
 par new generation   total 306688K, used 34048K [0x00000000c0000000, 0x00000000d4cc0000, 0x00000000d4cc0000)
  eden space 272640K,   0% used [0x00000000c0000000, 0x00000000c0000000, 0x00000000d0a40000)
  from space 34048K, 100% used [0x00000000d0a40000, 0x00000000d2b80000, 0x00000000d2b80000)
  to   space 34048K,   0% used [0x00000000d2b80000, 0x00000000d2b80000, 0x00000000d4cc0000)
 concurrent mark-sweep generation total 707840K, used 90668K [0x00000000d4cc0000, 0x0000000100000000, 0x0000000100000000)
 Metaspace       used 25520K, capacity 25673K, committed 25856K, reserved 1071104K
  class space    used 3211K, capacity 3271K, committed 3328K, reserved 1048576K
}
Event: 7.303 GC heap before
{Heap before GC invocations=5 (full 3):
 par new generation   total 306688K, used 306688K [0x00000000c0000000, 0x00000000d4cc0000, 0x00000000d4cc0000)
  eden space 272640K, 100% used [0x00000000c0000000, 0x00000000d0a40000, 0x00000000d0a40000)
  from space 34048K, 100% used [0x00000000d0a40000, 0x00000000d2b80000, 0x00000000d2b80000)
  to   space 34048K,   0% used [0x00000000d2b80000, 0x00000000d2b80000, 0x00000000d4cc0000)
 concurrent mark-sweep generation total 707840K, used 90668K [0x00000000d4cc0000, 0x0000000100000000, 0x0000000100000000)
 Metaspace       used 29108K, capacity 29389K, committed 29696K, reserved 1075200K
  class space    used 3664K, capacity 3759K, committed 3840K, reserved 1048576K
Event: 7.317 GC heap after
Heap after GC invocations=6 (full 3):
 par new generation   total 306688K, used 15474K [0x00000000c0000000, 0x00000000d4cc0000, 0x00000000d4cc0000)
  eden space 272640K,   0% used [0x00000000c0000000, 0x00000000c0000000, 0x00000000d0a40000)
  from space 34048K,  45% used [0x00000000d2b80000, 0x00000000d3a9cb58, 0x00000000d4cc0000)
  to   space 34048K,   0% used [0x00000000d0a40000, 0x00000000d0a40000, 0x00000000d2b80000)
 concurrent mark-sweep generation total 707840K, used 103315K [0x00000000d4cc0000, 0x0000000100000000, 0x0000000100000000)
 Metaspace       used 29108K, capacity 29389K, committed 29696K, reserved 1075200K
  class space    used 3664K, capacity 3759K, committed 3840K, reserved 1048576K
}
Event: 8.306 GC heap before
{Heap before GC invocations=6 (full 3):
 par new generation   total 306688K, used 288114K [0x00000000c0000000, 0x00000000d4cc0000, 0x00000000d4cc0000)
  eden space 272640K, 100% used [0x00000000c0000000, 0x00000000d0a40000, 0x00000000d0a40000)
  from space 34048K,  45% used [0x00000000d2b80000, 0x00000000d3a9cb58, 0x00000000d4cc0000)
  to   space 34048K,   0% used [0x00000000d0a40000, 0x00000000d0a40000, 0x00000000d2b80000)
 concurrent mark-sweep generation total 707840K, used 96632K [0x00000000d4cc0000, 0x0000000100000000, 0x0000000100000000)
 Metaspace       used 30056K, capacity 30285K, committed 30464K, reserved 1075200K
  class space    used 3715K, capacity 3823K, committed 3840K, reserved 1048576K
Event: 8.321 GC heap after
Heap after GC invocations=7 (full 3):
 par new generation   total 306688K, used 26764K [0x00000000c0000000, 0x00000000d4cc0000, 0x00000000d4cc0000)
  eden space 272640K,   0% used [0x00000000c0000000, 0x00000000c0000000, 0x00000000d0a40000)
  from space 34048K,  78% used [0x00000000d0a40000, 0x00000000d2463120, 0x00000000d2b80000)
  to   space 34048K,   0% used [0x00000000d2b80000, 0x00000000d2b80000, 0x00000000d4cc0000)
 concurrent mark-sweep generation total 707840K, used 96632K [0x00000000d4cc0000, 0x0000000100000000, 0x0000000100000000)
 Metaspace       used 30056K, capacity 30285K, committed 30464K, reserved 1075200K
  class space    used 3715K, capacity 3823K, committed 3840K, reserved 1048576K
}

Deoptimization events (10 events):
Event: 8.672 Thread 0x0000000002b65800 Uncommon trap: reason=bimorphic action=maybe_recompile pc=0x00000000031f0648 method=java.util.Formatter$FormatSpecifier.printString(Ljava/lang/Object;Ljava/util/Locale;)V @ 98
Event: 8.672 Thread 0x0000000002b65800 Uncommon trap: reason=bimorphic action=maybe_recompile pc=0x0000000002e0e878 method=java.util.Formatter$FormatSpecifier.printString(Ljava/lang/Object;Ljava/util/Locale;)V @ 98
Event: 8.691 Thread 0x0000000002b65800 Uncommon trap: reason=bimorphic action=maybe_recompile pc=0x000000000358fd54 method=java.util.regex.Pattern$5.isSatisfiedBy(I)Z @ 5
Event: 8.691 Thread 0x0000000002b65800 Uncommon trap: reason=bimorphic action=maybe_recompile pc=0x000000000358fd54 method=java.util.regex.Pattern$5.isSatisfiedBy(I)Z @ 5
Event: 8.691 Thread 0x0000000002b65800 Uncommon trap: reason=bimorphic action=maybe_recompile pc=0x000000000358fd54 method=java.util.regex.Pattern$5.isSatisfiedBy(I)Z @ 5
Event: 8.691 Thread 0x0000000002b65800 Uncommon trap: reason=bimorphic action=maybe_recompile pc=0x000000000358fd54 method=java.util.regex.Pattern$5.isSatisfiedBy(I)Z @ 5
Event: 8.923 Thread 0x0000000002b65800 Uncommon trap: reason=class_check action=maybe_recompile pc=0x000000000384f2d8 method=com.google.gson.reflect.TypeToken.<init>(Ljava/lang/reflect/Type;)V @ 9
Event: 8.923 Thread 0x0000000002b65800 Uncommon trap: reason=class_check action=maybe_recompile pc=0x00000000030522f8 method=com.google.gson.internal.$Gson$Types.canonicalize(Ljava/lang/reflect/Type;)Ljava/lang/reflect/Type; @ 1
Event: 8.923 Thread 0x0000000002b65800 Uncommon trap: reason=class_check action=maybe_recompile pc=0x00000000034cbbf8 method=com.google.gson.internal.$Gson$Types.getRawType(Ljava/lang/reflect/Type;)Ljava/lang/Class; @ 1
Event: 8.924 Thread 0x0000000002b65800 Uncommon trap: reason=class_check action=maybe_recompile pc=0x00000000036385c0 method=com.google.gson.internal.$Gson$Types.equals(Ljava/lang/reflect/Type;Ljava/lang/reflect/Type;)Z @ 8

Internal exceptions (10 events):
Event: 9.123 Thread 0x0000000019259000 Exception <a 'org/lwjgl/LWJGLException'> (0x00000000cedf8208) thrown at [D:\re\workspace\8-2-build-windows-amd64-cygwin\jdk8u40\2855\hotspot\src\share\vm\prims\jni.cpp, line 709]
Event: 9.123 Thread 0x0000000019259000 Exception <a 'org/lwjgl/LWJGLException'> (0x00000000cedf8748) thrown at [D:\re\workspace\8-2-build-windows-amd64-cygwin\jdk8u40\2855\hotspot\src\share\vm\prims\jni.cpp, line 709]
Event: 9.123 Thread 0x0000000019259000 Exception <a 'org/lwjgl/LWJGLException'> (0x00000000cedf8cb8) thrown at [D:\re\workspace\8-2-build-windows-amd64-cygwin\jdk8u40\2855\hotspot\src\share\vm\prims\jni.cpp, line 709]
Event: 9.123 Thread 0x0000000019259000 Exception <a 'org/lwjgl/LWJGLException'> (0x00000000cedf9280) thrown at [D:\re\workspace\8-2-build-windows-amd64-cygwin\jdk8u40\2855\hotspot\src\share\vm\prims\jni.cpp, line 709]
Event: 9.123 Thread 0x0000000019259000 Exception <a 'org/lwjgl/LWJGLException'> (0x00000000cedf9720) thrown at [D:\re\workspace\8-2-build-windows-amd64-cygwin\jdk8u40\2855\hotspot\src\share\vm\prims\jni.cpp, line 709]
Event: 9.123 Thread 0x0000000019259000 Exception <a 'org/lwjgl/LWJGLException'> (0x00000000cedf9b90) thrown at [D:\re\workspace\8-2-build-windows-amd64-cygwin\jdk8u40\2855\hotspot\src\share\vm\prims\jni.cpp, line 709]
Event: 9.124 Thread 0x0000000019259000 Exception <a 'org/lwjgl/LWJGLException'> (0x00000000cedfa080) thrown at [D:\re\workspace\8-2-build-windows-amd64-cygwin\jdk8u40\2855\hotspot\src\share\vm\prims\jni.cpp, line 709]
Event: 9.124 Thread 0x0000000019259000 Exception <a 'org/lwjgl/LWJGLException'> (0x00000000cedfa5f8) thrown at [D:\re\workspace\8-2-build-windows-amd64-cygwin\jdk8u40\2855\hotspot\src\share\vm\prims\jni.cpp, line 709]
Event: 9.124 Thread 0x0000000019259000 Exception <a 'org/lwjgl/LWJGLException'> (0x00000000cedfab30) thrown at [D:\re\workspace\8-2-build-windows-amd64-cygwin\jdk8u40\2855\hotspot\src\share\vm\prims\jni.cpp, line 709]
Event: 9.124 Thread 0x0000000019259000 Exception <a 'org/lwjgl/LWJGLException'> (0x00000000cedfb028) thrown at [D:\re\workspace\8-2-build-windows-amd64-cygwin\jdk8u40\2855\hotspot\src\share\vm\prims\jni.cpp, line 709]

Events (10 events):
Event: 8.923 Thread 0x0000000002b65800 DEOPT PACKING pc=0x00000000034cbbf8 sp=0x0000000002b5e770
Event: 8.923 Thread 0x0000000002b65800 DEOPT UNPACKING pc=0x0000000002ca582a sp=0x0000000002b5e708 mode 2
Event: 8.923 Thread 0x0000000002b65800 Uncommon trap: trap_request=0xffffffde fr.pc=0x00000000036385c0
Event: 8.923 Executing VM operation: RevokeBias
Event: 8.924 Executing VM operation: RevokeBias done
Event: 8.924 Thread 0x0000000002b65800 DEOPT PACKING pc=0x00000000036385c0 sp=0x0000000002b5e790
Event: 8.924 Thread 0x0000000002b65800 DEOPT UNPACKING pc=0x0000000002ca582a sp=0x0000000002b5e540 mode 2
Event: 9.122 Executing VM operation: RevokeBias
Event: 9.122 Executing VM operation: RevokeBias done
Event: 9.123 Thread 0x0000000019259800 Thread added: 0x0000000019259800


Dynamic libraries:
0x00007ff6354f0000 - 0x00007ff635527000 	C:\Program Files\Java\jdk1.8.0_40\bin\javaw.exe
0x00007ffbfe4e0000 - 0x00007ffbfe6a1000 	C:\WINDOWS\SYSTEM32\ntdll.dll
0x00007ffbfdf70000 - 0x00007ffbfe01d000 	C:\WINDOWS\system32\KERNEL32.DLL
0x00007ffbfb980000 - 0x00007ffbfbb5d000 	C:\WINDOWS\system32\KERNELBASE.dll
0x00007ffbfd910000 - 0x00007ffbfd9b6000 	C:\WINDOWS\system32\ADVAPI32.dll
0x00007ffbfe170000 - 0x00007ffbfe20d000 	C:\WINDOWS\system32\msvcrt.dll
0x00007ffbfbbc0000 - 0x00007ffbfbc1b000 	C:\WINDOWS\system32\sechost.dll
0x00007ffbfdc90000 - 0x00007ffbfddb6000 	C:\WINDOWS\system32\RPCRT4.dll
0x00007ffbfe020000 - 0x00007ffbfe16e000 	C:\WINDOWS\system32\USER32.dll
0x00007ffbfda20000 - 0x00007ffbfdba6000 	C:\WINDOWS\system32\GDI32.dll
0x00007ffbf73c0000 - 0x00007ffbf7634000 	C:\WINDOWS\WinSxS\amd64_microsoft.windows.common-controls_6595b64144ccf1df_6.0.10240.16384_none_f41f7b285750ef43\COMCTL32.dll
0x00007ffbfe3e0000 - 0x00007ffbfe416000 	C:\WINDOWS\system32\IMM32.DLL
0x00007ffbfd3c0000 - 0x00007ffbfd51c000 	C:\WINDOWS\system32\MSCTF.dll
0x00007ffbf8fc0000 - 0x00007ffbf8fde000 	c:\PROGRA~1\BULLGU~1\BULLGU~1\BgAgent.dll
0x00000000757c0000 - 0x0000000075892000 	C:\Program Files\Java\jdk1.8.0_40\jre\bin\msvcr100.dll
0x0000000074f30000 - 0x00000000757b3000 	C:\Program Files\Java\jdk1.8.0_40\jre\bin\server\jvm.dll
0x00007ffbfd3b0000 - 0x00007ffbfd3b8000 	C:\WINDOWS\system32\PSAPI.DLL
0x00007ffbf9090000 - 0x00007ffbf90b3000 	C:\WINDOWS\SYSTEM32\WINMM.dll
0x00007ffbf7d10000 - 0x00007ffbf7d1a000 	C:\WINDOWS\SYSTEM32\VERSION.dll
0x00007ffbeb4f0000 - 0x00007ffbeb4f9000 	C:\WINDOWS\SYSTEM32\WSOCK32.dll
0x00007ffbf9030000 - 0x00007ffbf905c000 	C:\WINDOWS\SYSTEM32\WINMMBASE.dll
0x00007ffbfdbb0000 - 0x00007ffbfdc19000 	C:\WINDOWS\system32\WS2_32.dll
0x00007ffbfbb60000 - 0x00007ffbfbba4000 	C:\WINDOWS\system32\cfgmgr32.dll
0x00007ffbfde80000 - 0x00007ffbfde88000 	C:\WINDOWS\system32\NSI.dll
0x00007ffbf98a0000 - 0x00007ffbf98c7000 	C:\WINDOWS\SYSTEM32\DEVOBJ.dll
0x0000000074f20000 - 0x0000000074f2f000 	C:\Program Files\Java\jdk1.8.0_40\jre\bin\verify.dll
0x0000000074ef0000 - 0x0000000074f19000 	C:\Program Files\Java\jdk1.8.0_40\jre\bin\java.dll
0x0000000074ed0000 - 0x0000000074ee6000 	C:\Program Files\Java\jdk1.8.0_40\jre\bin\zip.dll
0x00007ffbfbc20000 - 0x00007ffbfd142000 	C:\WINDOWS\system32\SHELL32.dll
0x00007ffbfafb0000 - 0x00007ffbfb5d8000 	C:\WINDOWS\system32\windows.storage.dll
0x00007ffbfd670000 - 0x00007ffbfd8ec000 	C:\WINDOWS\system32\combase.dll
0x00007ffbfde20000 - 0x00007ffbfde71000 	C:\WINDOWS\system32\shlwapi.dll
0x00007ffbfafa0000 - 0x00007ffbfafaf000 	C:\WINDOWS\system32\kernel.appcore.dll
0x00007ffbfb7b0000 - 0x00007ffbfb863000 	C:\WINDOWS\system32\shcore.dll
0x00007ffbfaf30000 - 0x00007ffbfaf7a000 	C:\WINDOWS\system32\powrprof.dll
0x00007ffbfaf10000 - 0x00007ffbfaf23000 	C:\WINDOWS\system32\profapi.dll
0x0000000074ec0000 - 0x0000000074ecd000 	C:\Program Files\Java\jdk1.8.0_40\jre\bin\management.dll
0x0000000074ea0000 - 0x0000000074eba000 	C:\Program Files\Java\jdk1.8.0_40\jre\bin\net.dll
0x00007ffbfa780000 - 0x00007ffbfa7dd000 	C:\WINDOWS\system32\mswsock.dll
0x0000000074e80000 - 0x0000000074e91000 	C:\Program Files\Java\jdk1.8.0_40\jre\bin\nio.dll
0x00007ffbeb0b0000 - 0x00007ffbeb0c5000 	C:\WINDOWS\system32\napinsp.dll
0x00007ffbebd80000 - 0x00007ffbebd9a000 	C:\WINDOWS\system32\pnrpnsp.dll
0x00007ffbf8a80000 - 0x00007ffbf8a98000 	C:\WINDOWS\system32\NLAapi.dll
0x00007ffbfa580000 - 0x00007ffbfa628000 	C:\WINDOWS\SYSTEM32\DNSAPI.dll
0x00007ffbebe20000 - 0x00007ffbebe2d000 	C:\WINDOWS\System32\winrnr.dll
0x00007ffbf06a0000 - 0x00007ffbf06aa000 	C:\Windows\System32\rasadhlp.dll
0x00007ffbf8c60000 - 0x00007ffbf8c98000 	C:\WINDOWS\SYSTEM32\IPHLPAPI.DLL
0x00007ffbf8b00000 - 0x00007ffbf8b0b000 	C:\WINDOWS\SYSTEM32\WINNSI.DLL
0x00007ffbf3db0000 - 0x00007ffbf3e18000 	C:\WINDOWS\System32\fwpuclnt.dll
0x00007ffbfae40000 - 0x00007ffbfae68000 	C:\WINDOWS\SYSTEM32\bcrypt.dll
0x0000000180000000 - 0x0000000180051000 	C:\Users\Lewis\.gradle\caches\minecraft\net\minecraft\minecraft_natives\1.8\lwjgl64.dll
0x00007ffbf5290000 - 0x00007ffbf53b8000 	C:\WINDOWS\SYSTEM32\OPENGL32.dll
0x00007ffbf5260000 - 0x00007ffbf528e000 	C:\WINDOWS\SYSTEM32\GLU32.dll
0x00007ffbf5160000 - 0x00007ffbf5256000 	C:\WINDOWS\SYSTEM32\DDRAW.dll
0x00007ffbf8500000 - 0x00007ffbf8508000 	C:\WINDOWS\SYSTEM32\DCIMAN32.dll
0x00007ffbfa7e0000 - 0x00007ffbfa7f7000 	C:\WINDOWS\SYSTEM32\CRYPTSP.dll
0x00007ffbfa430000 - 0x00007ffbfa463000 	C:\WINDOWS\system32\rsaenh.dll
0x00007ffbfa560000 - 0x00007ffbfa57f000 	C:\WINDOWS\SYSTEM32\USERENV.dll
0x00007ffbfad30000 - 0x00007ffbfad9b000 	C:\WINDOWS\system32\bcryptprimitives.dll
0x00007ffbfa950000 - 0x00007ffbfa95b000 	C:\WINDOWS\SYSTEM32\CRYPTBASE.dll
0x00007ffbf7cd0000 - 0x00007ffbf7ce6000 	C:\WINDOWS\SYSTEM32\dhcpcsvc6.DLL
0x00007ffbf7c80000 - 0x00007ffbf7c9a000 	C:\WINDOWS\SYSTEM32\dhcpcsvc.DLL
0x0000000074ce0000 - 0x0000000074e78000 	C:\Program Files\Java\jdk1.8.0_40\jre\bin\awt.dll
0x00007ffbfe420000 - 0x00007ffbfe4de000 	C:\WINDOWS\system32\OLEAUT32.dll
0x00007ffbf9660000 - 0x00007ffbf96d8000 	C:\WINDOWS\system32\apphelp.dll
0x00007ffbf97e0000 - 0x00007ffbf9876000 	C:\WINDOWS\system32\uxtheme.dll
0x00007ffbe8390000 - 0x00007ffbe83bc000 	C:\Program Files\BullGuard Ltd\BullGuard\spamfilter\LittleHook.dll
0x00007ffbe9970000 - 0x00007ffbe9a12000 	C:\Program Files\Common Files\microsoft shared\ink\tiptsf.dll
0x00007ffbf8490000 - 0x00007ffbf84b2000 	C:\WINDOWS\system32\dwmapi.dll
0x0000000073760000 - 0x0000000074cde000 	C:\WINDOWS\SYSTEM32\nvoglv64.DLL
0x00007ffbfe210000 - 0x00007ffbfe3d5000 	C:\WINDOWS\system32\SETUPAPI.dll
0x00007ffbf8fe0000 - 0x00007ffbf8ff3000 	C:\WINDOWS\SYSTEM32\WTSAPI32.dll
0x00007ffbfb920000 - 0x00007ffbfb974000 	C:\WINDOWS\system32\WINTRUST.dll
0x00007ffbfaf80000 - 0x00007ffbfaf91000 	C:\WINDOWS\system32\MSASN1.dll
0x00007ffbfb5e0000 - 0x00007ffbfb7a1000 	C:\WINDOWS\system32\CRYPT32.dll
0x00007ffbfa2b0000 - 0x00007ffbfa2e2000 	C:\WINDOWS\SYSTEM32\ntmarta.dll
0x00007ffbfa140000 - 0x00007ffbfa198000 	C:\WINDOWS\SYSTEM32\WINSTA.dll
0x00007ffbf7640000 - 0x00007ffbf76d1000 	C:\WINDOWS\SYSTEM32\mscms.dll
0x00007ffbf5110000 - 0x00007ffbf5152000 	C:\WINDOWS\SYSTEM32\icm32.dll
0x00007ffbfd150000 - 0x00007ffbfd1f5000 	C:\WINDOWS\system32\clbcatq.dll
0x00007ffbeab10000 - 0x00007ffbeac5c000 	C:\Windows\System32\uiautomationcore.dll
0x00007ffbfada0000 - 0x00007ffbfae38000 	C:\WINDOWS\SYSTEM32\sxs.dll
0x00007ffbf6ff0000 - 0x00007ffbf7059000 	C:\Windows\System32\OLEACC.dll
0x00007ffbfd520000 - 0x00007ffbfd661000 	C:\WINDOWS\system32\ole32.dll
0x0000000070a40000 - 0x0000000070adc000 	C:\Users\Lewis\.gradle\caches\minecraft\net\minecraft\minecraft_natives\1.8\avutil-ttv-51.dll
0x0000000065980000 - 0x00000000659d6000 	C:\Users\Lewis\.gradle\caches\minecraft\net\minecraft\minecraft_natives\1.8\swresample-ttv-0.dll
0x000000006eb80000 - 0x000000006ec50000 	C:\Users\Lewis\.gradle\caches\minecraft\net\minecraft\minecraft_natives\1.8\libmp3lame-ttv.dll
0x00007ffbdb410000 - 0x00007ffbdc7b4000 	C:\Users\Lewis\.gradle\caches\minecraft\net\minecraft\minecraft_natives\1.8\libmfxsw64.dll
0x00007ffbf4fa0000 - 0x00007ffbf510d000 	C:\Users\Lewis\.gradle\caches\minecraft\net\minecraft\minecraft_natives\1.8\twitchsdk.dll
0x00007ffbef140000 - 0x00007ffbef3e7000 	C:\WINDOWS\SYSTEM32\WININET.dll
0x00000000246e0000 - 0x0000000024744000 	C:\Users\Lewis\.gradle\caches\minecraft\net\minecraft\minecraft_natives\1.8\OpenAL64.dll
0x00007ffbf5b40000 - 0x00007ffbf5bb2000 	C:\WINDOWS\System32\MMDevApi.dll
0x00007ffbf8d60000 - 0x00007ffbf8ee3000 	C:\WINDOWS\System32\PROPSYS.dll
0x00007ffbdea40000 - 0x00007ffbdeadc000 	C:\WINDOWS\SYSTEM32\dsound.dll
0x00007ffbeaf10000 - 0x00007ffbeaf95000 	C:\WINDOWS\SYSTEM32\AUDIOSES.DLL
0x00007ffbf70b0000 - 0x00007ffbf71e1000 	C:\WINDOWS\SYSTEM32\wintypes.dll
0x00007ffbdfc50000 - 0x00007ffbdfdda000 	C:\WINDOWS\SYSTEM32\dbghelp.dll

VM Arguments:
jvm_args: -Xincgc -Xmx1024M -Xms1024M -Dfile.encoding=Cp1252 
java_command: GradleStart
java_class_path (initial): C:\Users\Lewis\Desktop\Minecraft Mod\bin;C:\Users\Lewis\.gradle\caches\minecraft\net\minecraftforge\forge\1.8-11.14.0.1295-1.8\snapshot_nodoc\20141130\forgeSrc-1.8-11.14.0.1295-1.8.jar;C:\Users\Lewis\.gradle\caches\modules-2\files-2.1\net.minecraft\launchwrapper\1.11\9c0592c6e1e9ea296a70948081bd4cc84dda1289\launchwrapper-1.11.jar;C:\Users\Lewis\.gradle\caches\modules-2\files-2.1\org.ow2.asm\asm-debug-all\5.0.3\f9e364ae2a66ce2a543012a4668856e84e5dab74\asm-debug-all-5.0.3.jar;C:\Users\Lewis\.gradle\caches\modules-2\files-2.1\com.typesafe.akka\akka-actor_2.11\2.3.3\ed62e9fc709ca0f2ff1a3220daa8b70a2870078e\akka-actor_2.11-2.3.3.jar;C:\Users\Lewis\.gradle\caches\modules-2\files-2.1\com.typesafe\config\1.2.1\f771f71fdae3df231bcd54d5ca2d57f0bf93f467\config-1.2.1.jar;C:\Users\Lewis\.gradle\caches\modules-2\files-2.1\org.scala-lang\scala-actors-migration_2.11\1.1.0\dfa8bc42b181d5b9f1a5dd147f8ae308b893eb6f\scala-actors-migration_2.11-1.1.0.jar;C:\Users\Lewis\.gradle\caches\modules-2\files-2.1\org.scala-lang\scala-compiler\2.11.1\56ea2e6c025e0821f28d73ca271218b8dd04926a\scala-compiler-2.11.1.jar;C:\Users\Lewis\.gradle\caches\modules-2\files-2.1\org.scala-lang.plugins\scala-continuations-library_2.11\1.0.2\e517c53a7e9acd6b1668c5a35eccbaa3bab9aac\scala-continuations-library_2.11-1.0.2.jar;C:\Users\Lewis\.gradle\caches\modules-2\files-2.1\org.scala-lang.plugins\scala-continuations-plugin_2.11.1\1.0.2\f361a3283452c57fa30c1ee69448995de23c60f7\scala-continuations-plugin_2.11.1-1.0.2.jar;C:\Users\Lewis\.gradle\caches\modules-2\files-2.1\org.scala-lang\scala-library\2.11.1\e11da23da3eabab9f4777b9220e60d44c1aab6a\scala-library-2.11.1.jar;C:\Users\Lewis\.gradle\caches\modules-2\files-2.1\org.scala-lang\scala-parser-combinators_2.11\1.0.1\f05d7345bf5a58924f2837c6c1f4d73a938e1ff0\scala-parser-combinators_2.11-1.0.1.jar;C:\Users\Lewis\.gradle\caches\modules-2\files-2.1\org.scala-lang\scala-reflect\2.11.1\6580347e61cc7f8e802941e7fde40fa83b8badeb\scala-reflect-2.
Launcher Type: SUN_STANDARD

Environment Variables:
PATH=C:/Program Files/Java/jre1.8.0_60/bin/server;C:/Program Files/Java/jre1.8.0_60/bin;C:/Program Files/Java/jre1.8.0_60/lib/amd64;C:\ProgramData\Oracle\Java\javapath;"C:\Program Files\Java\jdk1.8.0_40\bin";C:\Program Files (x86)\NVIDIA Corporation\PhysX\Common;C:\WINDOWS\system32;C:\WINDOWS;C:\WINDOWS\System32\Wbem;C:\WINDOWS\System32\WindowsPowerShell\v1.0\;C:\Program Files (x86)\Skype\Phone\;C:\Users\Lewis\Desktop\eclipse;
USERNAME=Lewis
OS=Windows_NT
PROCESSOR_IDENTIFIER=Intel64 Family 6 Model 60 Stepping 3, GenuineIntel



---------------  S Y S T E M  ---------------

OS: Windows 10.0 , 64 bit Build 10240 (10.0.10240.16384)

CPU:total 4 (4 cores per cpu, 1 threads per core) family 6 model 60 stepping 3, cmov, cx8, fxsr, mmx, sse, sse2, sse3, ssse3, sse4.1, sse4.2, popcnt, avx, avx2, aes, clmul, erms, lzcnt, tsc, tscinvbit, bmi1, bmi2

Memory: 4k page, physical 16718916k(13314512k free), swap 19209284k(14961752k free)

vm_info: Java HotSpot(TM) 64-Bit Server VM (25.40-b25) for windows-amd64 JRE (1.8.0_40-b25), built on Feb 10 2015 21:53:57 by "java_re" with MS VC++ 10.0 (VS2010)

time: Mon Oct 19 22:17:44 2015
elapsed time: 9 seconds (0d 0h 0m 9s)

